18:56:36 **** Incremental Build of configuration Debug for project CubeMX ****
make -j8 all 
arm-none-eabi-gcc "../Core/Src/main.c" -mcpu=cortex-m4 -std=gnu11 -g3 -DDEBUG -DUSE_HAL_DRIVER -DSTM32L476xx -c -I../Core/Inc -I../Drivers/STM32L4xx_HAL_Driver/Inc -I../Drivers/STM32L4xx_HAL_Driver/Inc/Legacy -I../Drivers/CMSIS/Device/ST/STM32L4xx/Include -I../Drivers/CMSIS/Include -O0 -ffunction-sections -fdata-sections -Wall -fstack-usage -fcyclomatic-complexity -MMD -MP -MF"Core/Src/main.d" -MT"Core/Src/main.o" --specs=nano.specs -mfpu=fpv4-sp-d16 -mfloat-abi=hard -mthumb -o "Core/Src/main.o"
../Core/Src/main.c: In function 'main':
../Core/Src/main.c:128:4: warning: implicit declaration of function 'DEV_ModuleInit' [-Wimplicit-function-declaration]
  128 |    DEV_ModuleInit();
      |    ^~~~~~~~~~~~~~
../Core/Src/main.c:130:4: warning: implicit declaration of function 'TSL2591_Init' [-Wimplicit-function-declaration]
  130 |    TSL2591_Init();
      |    ^~~~~~~~~~~~
../Core/Src/main.c:137:7: warning: unused variable 'i' [-Wunused-variable]
  137 |   int i = 1;
      |       ^
../Core/Src/main.c:136:8: warning: unused variable 'hpa' [-Wunused-variable]
  136 |   char hpa[3] = "hPa";
      |        ^~~
../Core/Src/main.c:135:8: warning: unused variable 'celsius' [-Wunused-variable]
  135 |   char celsius[2] = " C";
      |        ^~~~~~~
../Core/Src/main.c:134:8: warning: unused variable 'buf' [-Wunused-variable]
  134 |   char buf[7] ="";
      |        ^~~
../Core/Src/main.c:133:16: warning: unused variable 'temp' [-Wunused-variable]
  133 |   double pres, temp;
      |                ^~~~
../Core/Src/main.c:133:10: warning: unused variable 'pres' [-Wunused-variable]
  133 |   double pres, temp;
      |          ^~~~
../Core/Src/main.c:132:10: warning: unused variable 'test' [-Wunused-variable]
  132 |   int8_t test;
      |          ^~~~
arm-none-eabi-gcc -o "CubeMX.elf" @"objects.list"   -mcpu=cortex-m4 -T"C:\Users\gpior\Documents\Studia\Semestr_VI\SR\SR_projekt_Cube\CubeMX\STM32L476VGTX_FLASH.ld" --specs=nosys.specs -Wl,-Map="CubeMX.map" -Wl,--gc-sections -static --specs=nano.specs -mfpu=fpv4-sp-d16 -mfloat-abi=hard -mthumb -u _printf_float -Wl,--start-group -lc -lm -Wl,--end-group
Finished building target: CubeMX.elf
 
arm-none-eabi-size   CubeMX.elf 
arm-none-eabi-objdump -h -S  CubeMX.elf  > "CubeMX.list"
   text	   data	    bss	    dec	    hex	filename
  41792	    484	   2172	  44448	   ada0	CubeMX.elf
Finished building: default.size.stdout
 
Finished building: CubeMX.list
 
18:56:39 **** Incremental Build of configuration Debug for project CubeMX ****
make -j8 all 
arm-none-eabi-size   CubeMX.elf 
   text	   data	    bss	    dec	    hex	filename
  41792	    484	   2172	  44448	   ada0	CubeMX.elf
Finished building: default.size.stdout
 
18:57:13 **** Incremental Build of configuration Debug for project CubeMX ****
make -j8 all 
arm-none-eabi-gcc "../Core/Src/main.c" -mcpu=cortex-m4 -std=gnu11 -g3 -DDEBUG -DUSE_HAL_DRIVER -DSTM32L476xx -c -I../Core/Inc -I../Drivers/STM32L4xx_HAL_Driver/Inc -I../Drivers/STM32L4xx_HAL_Driver/Inc/Legacy -I../Drivers/CMSIS/Device/ST/STM32L4xx/Include -I../Drivers/CMSIS/Include -O0 -ffunction-sections -fdata-sections -Wall -fstack-usage -fcyclomatic-complexity -MMD -MP -MF"Core/Src/main.d" -MT"Core/Src/main.o" --specs=nano.specs -mfpu=fpv4-sp-d16 -mfloat-abi=hard -mthumb -o "Core/Src/main.o"
../Core/Src/main.c: In function 'main':
../Core/Src/main.c:128:4: warning: implicit declaration of function 'DEV_ModuleInit' [-Wimplicit-function-declaration]
  128 |    DEV_ModuleInit();
      |    ^~~~~~~~~~~~~~
../Core/Src/main.c:130:4: warning: implicit declaration of function 'TSL2591_Init' [-Wimplicit-function-declaration]
  130 |    TSL2591_Init();
      |    ^~~~~~~~~~~~
../Core/Src/main.c:146:44: warning: implicit declaration of function 'TSL2591_Read_Lux' [-Wimplicit-function-declaration]
  146 |    printf("Natezenie swiatla = %d lx \r\n",TSL2591_Read_Lux());
      |                                            ^~~~~~~~~~~~~~~~
../Core/Src/main.c:155:5: warning: implicit declaration of function 'itoa' [-Wimplicit-function-declaration]
  155 |     itoa(t,buf,10);
      |     ^~~~
../Core/Src/main.c:132:10: warning: variable 'test' set but not used [-Wunused-but-set-variable]
  132 |   int8_t test;
      |          ^~~~
arm-none-eabi-gcc -o "CubeMX.elf" @"objects.list"   -mcpu=cortex-m4 -T"C:\Users\gpior\Documents\Studia\Semestr_VI\SR\SR_projekt_Cube\CubeMX\STM32L476VGTX_FLASH.ld" --specs=nosys.specs -Wl,-Map="CubeMX.map" -Wl,--gc-sections -static --specs=nano.specs -mfpu=fpv4-sp-d16 -mfloat-abi=hard -mthumb -u _printf_float -Wl,--start-group -lc -lm -Wl,--end-group
Finished building target: CubeMX.elf
 
arm-none-eabi-size   CubeMX.elf 
arm-none-eabi-objdump -h -S  CubeMX.elf  > "CubeMX.list"
   text	   data	    bss	    dec	    hex	filename
  44696	    484	   2172	  47352	   b8f8	CubeMX.elf
Finished building: default.size.stdout
 
Finished building: CubeMX.list
 
18:59:39 **** Incremental Build of configuration Debug for project CubeMX ****
make -j8 all 
arm-none-eabi-gcc "../Core/Src/main.c" -mcpu=cortex-m4 -std=gnu11 -g3 -DDEBUG -DUSE_HAL_DRIVER -DSTM32L476xx -c -I../Core/Inc -I../Drivers/STM32L4xx_HAL_Driver/Inc -I../Drivers/STM32L4xx_HAL_Driver/Inc/Legacy -I../Drivers/CMSIS/Device/ST/STM32L4xx/Include -I../Drivers/CMSIS/Include -O0 -ffunction-sections -fdata-sections -Wall -fstack-usage -fcyclomatic-complexity -MMD -MP -MF"Core/Src/main.d" -MT"Core/Src/main.o" --specs=nano.specs -mfpu=fpv4-sp-d16 -mfloat-abi=hard -mthumb -o "Core/Src/main.o"
../Core/Src/main.c: In function 'main':
../Core/Src/main.c:128:4: warning: implicit declaration of function 'DEV_ModuleInit' [-Wimplicit-function-declaration]
  128 |    DEV_ModuleInit();
      |    ^~~~~~~~~~~~~~
../Core/Src/main.c:130:4: warning: implicit declaration of function 'TSL2591_Init' [-Wimplicit-function-declaration]
  130 |    TSL2591_Init();
      |    ^~~~~~~~~~~~
../Core/Src/main.c:147:44: warning: implicit declaration of function 'TSL2591_Read_Lux' [-Wimplicit-function-declaration]
  147 |    printf("Natezenie swiatla = %d lx \r\n",TSL2591_Read_Lux());
      |                                            ^~~~~~~~~~~~~~~~
../Core/Src/main.c:156:5: warning: implicit declaration of function 'itoa' [-Wimplicit-function-declaration]
  156 |     itoa(t,buf,10);
      |     ^~~~
../Core/Src/main.c:132:10: warning: variable 'test' set but not used [-Wunused-but-set-variable]
  132 |   int8_t test;
      |          ^~~~
arm-none-eabi-gcc -o "CubeMX.elf" @"objects.list"   -mcpu=cortex-m4 -T"C:\Users\gpior\Documents\Studia\Semestr_VI\SR\SR_projekt_Cube\CubeMX\STM32L476VGTX_FLASH.ld" --specs=nosys.specs -Wl,-Map="CubeMX.map" -Wl,--gc-sections -static --specs=nano.specs -mfpu=fpv4-sp-d16 -mfloat-abi=hard -mthumb -u _printf_float -Wl,--start-group -lc -lm -Wl,--end-group
Finished building target: CubeMX.elf
 
arm-none-eabi-size   CubeMX.elf 
arm-none-eabi-objdump -h -S  CubeMX.elf  > "CubeMX.list"
   text	   data	    bss	    dec	    hex	filename
  44768	    484	   2172	  47424	   b940	CubeMX.elf
Finished building: default.size.stdout
 
Finished building: CubeMX.list
 
19:00:55 **** Incremental Build of configuration Debug for project CubeMX ****
make -j8 all 
arm-none-eabi-gcc "../Core/Src/main.c" -mcpu=cortex-m4 -std=gnu11 -g3 -DDEBUG -DUSE_HAL_DRIVER -DSTM32L476xx -c -I../Core/Inc -I../Drivers/STM32L4xx_HAL_Driver/Inc -I../Drivers/STM32L4xx_HAL_Driver/Inc/Legacy -I../Drivers/CMSIS/Device/ST/STM32L4xx/Include -I../Drivers/CMSIS/Include -O0 -ffunction-sections -fdata-sections -Wall -fstack-usage -fcyclomatic-complexity -MMD -MP -MF"Core/Src/main.d" -MT"Core/Src/main.o" --specs=nano.specs -mfpu=fpv4-sp-d16 -mfloat-abi=hard -mthumb -o "Core/Src/main.o"
../Core/Src/main.c: In function 'main':
../Core/Src/main.c:128:4: warning: implicit declaration of function 'DEV_ModuleInit' [-Wimplicit-function-declaration]
  128 |    DEV_ModuleInit();
      |    ^~~~~~~~~~~~~~
../Core/Src/main.c:130:4: warning: implicit declaration of function 'TSL2591_Init' [-Wimplicit-function-declaration]
  130 |    TSL2591_Init();
      |    ^~~~~~~~~~~~
../Core/Src/main.c:147:44: warning: implicit declaration of function 'TSL2591_Read_Lux' [-Wimplicit-function-declaration]
  147 |    printf("Natezenie swiatla = %d lx \r\n",TSL2591_Read_Lux());
      |                                            ^~~~~~~~~~~~~~~~
../Core/Src/main.c:157:5: warning: implicit declaration of function 'itoa' [-Wimplicit-function-declaration]
  157 |     itoa(t,buf,10);
      |     ^~~~
../Core/Src/main.c:132:10: warning: variable 'test' set but not used [-Wunused-but-set-variable]
  132 |   int8_t test;
      |          ^~~~
arm-none-eabi-gcc -o "CubeMX.elf" @"objects.list"   -mcpu=cortex-m4 -T"C:\Users\gpior\Documents\Studia\Semestr_VI\SR\SR_projekt_Cube\CubeMX\STM32L476VGTX_FLASH.ld" --specs=nosys.specs -Wl,-Map="CubeMX.map" -Wl,--gc-sections -static --specs=nano.specs -mfpu=fpv4-sp-d16 -mfloat-abi=hard -mthumb -u _printf_float -Wl,--start-group -lc -lm -Wl,--end-group
Finished building target: CubeMX.elf
 
arm-none-eabi-size   CubeMX.elf 
arm-none-eabi-objdump -h -S  CubeMX.elf  > "CubeMX.list"
   text	   data	    bss	    dec	    hex	filename
  44768	    484	   2172	  47424	   b940	CubeMX.elf
Finished building: default.size.stdout
 
Finished building: CubeMX.list
 
19:02:38 **** Incremental Build of configuration Debug for project CubeMX ****
make -j8 all 
arm-none-eabi-gcc "../Core/Src/TSL2591.c" -mcpu=cortex-m4 -std=gnu11 -g3 -DDEBUG -DUSE_HAL_DRIVER -DSTM32L476xx -c -I../Core/Inc -I../Drivers/STM32L4xx_HAL_Driver/Inc -I../Drivers/STM32L4xx_HAL_Driver/Inc/Legacy -I../Drivers/CMSIS/Device/ST/STM32L4xx/Include -I../Drivers/CMSIS/Include -O0 -ffunction-sections -fdata-sections -Wall -fstack-usage -fcyclomatic-complexity -MMD -MP -MF"Core/Src/TSL2591.d" -MT"Core/Src/TSL2591.o" --specs=nano.specs -mfpu=fpv4-sp-d16 -mfloat-abi=hard -mthumb -o "Core/Src/TSL2591.o"
arm-none-eabi-gcc "../Core/Src/main.c" -mcpu=cortex-m4 -std=gnu11 -g3 -DDEBUG -DUSE_HAL_DRIVER -DSTM32L476xx -c -I../Core/Inc -I../Drivers/STM32L4xx_HAL_Driver/Inc -I../Drivers/STM32L4xx_HAL_Driver/Inc/Legacy -I../Drivers/CMSIS/Device/ST/STM32L4xx/Include -I../Drivers/CMSIS/Include -O0 -ffunction-sections -fdata-sections -Wall -fstack-usage -fcyclomatic-complexity -MMD -MP -MF"Core/Src/main.d" -MT"Core/Src/main.o" --specs=nano.specs -mfpu=fpv4-sp-d16 -mfloat-abi=hard -mthumb -o "Core/Src/main.o"
In file included from ../Core/Inc/DEV_Config.h:16,
                 from ../Core/Src/TSL2591.c:12:
../Core/Inc/Debug.h:19: warning: "DEBUG" redefined
   19 |  #define DEBUG(__info,...) printf("Debug : " __info,##__VA_ARGS__)
      | 
<command-line>: note: this is the location of the previous definition
../Core/Src/main.c: In function 'main':
../Core/Src/main.c:128:4: warning: implicit declaration of function 'DEV_ModuleInit' [-Wimplicit-function-declaration]
  128 |    DEV_ModuleInit();
      |    ^~~~~~~~~~~~~~
../Core/Src/main.c:130:4: warning: implicit declaration of function 'TSL2591_Init' [-Wimplicit-function-declaration]
  130 |    TSL2591_Init();
      |    ^~~~~~~~~~~~
../Core/Src/main.c:147:44: warning: implicit declaration of function 'TSL2591_Read_Lux' [-Wimplicit-function-declaration]
  147 |    printf("Natezenie swiatla = %d lx \r\n",TSL2591_Read_Lux());
      |                                            ^~~~~~~~~~~~~~~~
../Core/Src/main.c:157:5: warning: implicit declaration of function 'itoa' [-Wimplicit-function-declaration]
  157 |     itoa(t,buf,10);
      |     ^~~~
../Core/Src/main.c:132:10: warning: variable 'test' set but not used [-Wunused-but-set-variable]
  132 |   int8_t test;
      |          ^~~~
arm-none-eabi-gcc -o "CubeMX.elf" @"objects.list"   -mcpu=cortex-m4 -T"C:\Users\gpior\Documents\Studia\Semestr_VI\SR\SR_projekt_Cube\CubeMX\STM32L476VGTX_FLASH.ld" --specs=nosys.specs -Wl,-Map="CubeMX.map" -Wl,--gc-sections -static --specs=nano.specs -mfpu=fpv4-sp-d16 -mfloat-abi=hard -mthumb -u _printf_float -Wl,--start-group -lc -lm -Wl,--end-group
Finished building target: CubeMX.elf
 
arm-none-eabi-size   CubeMX.elf 
arm-none-eabi-objdump -h -S  CubeMX.elf  > "CubeMX.list"
   text	   data	    bss	    dec	    hex	filename
  44688	    484	   2172	  47344	   b8f0	CubeMX.elf
Finished building: default.size.stdout
 
Finished building: CubeMX.list
 
19:03:22 **** Incremental Build of configuration Debug for project CubeMX ****
make -j8 all 
arm-none-eabi-gcc "../Core/Src/main.c" -mcpu=cortex-m4 -std=gnu11 -g3 -DDEBUG -DUSE_HAL_DRIVER -DSTM32L476xx -c -I../Core/Inc -I../Drivers/STM32L4xx_HAL_Driver/Inc -I../Drivers/STM32L4xx_HAL_Driver/Inc/Legacy -I../Drivers/CMSIS/Device/ST/STM32L4xx/Include -I../Drivers/CMSIS/Include -O0 -ffunction-sections -fdata-sections -Wall -fstack-usage -fcyclomatic-complexity -MMD -MP -MF"Core/Src/main.d" -MT"Core/Src/main.o" --specs=nano.specs -mfpu=fpv4-sp-d16 -mfloat-abi=hard -mthumb -o "Core/Src/main.o"
../Core/Src/main.c: In function 'main':
../Core/Src/main.c:128:4: warning: implicit declaration of function 'DEV_ModuleInit' [-Wimplicit-function-declaration]
  128 |    DEV_ModuleInit();
      |    ^~~~~~~~~~~~~~
../Core/Src/main.c:130:4: warning: implicit declaration of function 'TSL2591_Init' [-Wimplicit-function-declaration]
  130 |    TSL2591_Init();
      |    ^~~~~~~~~~~~
../Core/Src/main.c:137:17: warning: initializer-string for array of 'char' is too long
  137 |   char lux[2] = " lx";
      |                 ^~~~~
../Core/Src/main.c:147:44: warning: implicit declaration of function 'TSL2591_Read_Lux' [-Wimplicit-function-declaration]
  147 |    printf("Natezenie swiatla = %d lx \r\n",TSL2591_Read_Lux());
      |                                            ^~~~~~~~~~~~~~~~
../Core/Src/main.c:157:5: warning: implicit declaration of function 'itoa' [-Wimplicit-function-declaration]
  157 |     itoa(t,buf,10);
      |     ^~~~
../Core/Src/main.c:132:10: warning: variable 'test' set but not used [-Wunused-but-set-variable]
  132 |   int8_t test;
      |          ^~~~
arm-none-eabi-gcc -o "CubeMX.elf" @"objects.list"   -mcpu=cortex-m4 -T"C:\Users\gpior\Documents\Studia\Semestr_VI\SR\SR_projekt_Cube\CubeMX\STM32L476VGTX_FLASH.ld" --specs=nosys.specs -Wl,-Map="CubeMX.map" -Wl,--gc-sections -static --specs=nano.specs -mfpu=fpv4-sp-d16 -mfloat-abi=hard -mthumb -u _printf_float -Wl,--start-group -lc -lm -Wl,--end-group
Finished building target: CubeMX.elf
 
arm-none-eabi-size   CubeMX.elf 
arm-none-eabi-objdump -h -S  CubeMX.elf  > "CubeMX.list"
   text	   data	    bss	    dec	    hex	filename
  44688	    484	   2172	  47344	   b8f0	CubeMX.elf
Finished building: default.size.stdout
 
Finished building: CubeMX.list
 
19:04:00 **** Incremental Build of configuration Debug for project CubeMX ****
make -j8 all 
arm-none-eabi-size   CubeMX.elf 
   text	   data	    bss	    dec	    hex	filename
  44688	    484	   2172	  47344	   b8f0	CubeMX.elf
Finished building: default.size.stdout
 
19:04:47 **** Incremental Build of configuration Debug for project CubeMX ****
make -j8 all 
arm-none-eabi-gcc "../Core/Src/main.c" -mcpu=cortex-m4 -std=gnu11 -g3 -DDEBUG -DUSE_HAL_DRIVER -DSTM32L476xx -c -I../Core/Inc -I../Drivers/STM32L4xx_HAL_Driver/Inc -I../Drivers/STM32L4xx_HAL_Driver/Inc/Legacy -I../Drivers/CMSIS/Device/ST/STM32L4xx/Include -I../Drivers/CMSIS/Include -O0 -ffunction-sections -fdata-sections -Wall -fstack-usage -fcyclomatic-complexity -MMD -MP -MF"Core/Src/main.d" -MT"Core/Src/main.o" --specs=nano.specs -mfpu=fpv4-sp-d16 -mfloat-abi=hard -mthumb -o "Core/Src/main.o"
../Core/Src/main.c: In function 'main':
../Core/Src/main.c:128:4: warning: implicit declaration of function 'DEV_ModuleInit' [-Wimplicit-function-declaration]
  128 |    DEV_ModuleInit();
      |    ^~~~~~~~~~~~~~
../Core/Src/main.c:130:4: warning: implicit declaration of function 'TSL2591_Init' [-Wimplicit-function-declaration]
  130 |    TSL2591_Init();
      |    ^~~~~~~~~~~~
../Core/Src/main.c:147:44: warning: implicit declaration of function 'TSL2591_Read_Lux' [-Wimplicit-function-declaration]
  147 |    printf("Natezenie swiatla = %d lx \r\n",TSL2591_Read_Lux());
      |                                            ^~~~~~~~~~~~~~~~
../Core/Src/main.c:157:5: warning: implicit declaration of function 'itoa' [-Wimplicit-function-declaration]
  157 |     itoa(t,buf,10);
      |     ^~~~
../Core/Src/main.c:132:10: warning: variable 'test' set but not used [-Wunused-but-set-variable]
  132 |   int8_t test;
      |          ^~~~
arm-none-eabi-gcc -o "CubeMX.elf" @"objects.list"   -mcpu=cortex-m4 -T"C:\Users\gpior\Documents\Studia\Semestr_VI\SR\SR_projekt_Cube\CubeMX\STM32L476VGTX_FLASH.ld" --specs=nosys.specs -Wl,-Map="CubeMX.map" -Wl,--gc-sections -static --specs=nano.specs -mfpu=fpv4-sp-d16 -mfloat-abi=hard -mthumb -u _printf_float -Wl,--start-group -lc -lm -Wl,--end-group
Finished building target: CubeMX.elf
 
arm-none-eabi-size   CubeMX.elf 
arm-none-eabi-objdump -h -S  CubeMX.elf  > "CubeMX.list"
   text	   data	    bss	    dec	    hex	filename
  44712	    484	   2172	  47368	   b908	CubeMX.elf
Finished building: default.size.stdout
 
Finished building: CubeMX.list
 
19:06:47 **** Incremental Build of configuration Debug for project CubeMX ****
make -j8 all 
arm-none-eabi-gcc "../Core/Src/main.c" -mcpu=cortex-m4 -std=gnu11 -g3 -DDEBUG -DUSE_HAL_DRIVER -DSTM32L476xx -c -I../Core/Inc -I../Drivers/STM32L4xx_HAL_Driver/Inc -I../Drivers/STM32L4xx_HAL_Driver/Inc/Legacy -I../Drivers/CMSIS/Device/ST/STM32L4xx/Include -I../Drivers/CMSIS/Include -O0 -ffunction-sections -fdata-sections -Wall -fstack-usage -fcyclomatic-complexity -MMD -MP -MF"Core/Src/main.d" -MT"Core/Src/main.o" --specs=nano.specs -mfpu=fpv4-sp-d16 -mfloat-abi=hard -mthumb -o "Core/Src/main.o"
../Core/Src/main.c: In function 'main':
../Core/Src/main.c:128:4: warning: implicit declaration of function 'DEV_ModuleInit' [-Wimplicit-function-declaration]
  128 |    DEV_ModuleInit();
      |    ^~~~~~~~~~~~~~
../Core/Src/main.c:130:4: warning: implicit declaration of function 'TSL2591_Init' [-Wimplicit-function-declaration]
  130 |    TSL2591_Init();
      |    ^~~~~~~~~~~~
../Core/Src/main.c:147:44: warning: implicit declaration of function 'TSL2591_Read_Lux' [-Wimplicit-function-declaration]
  147 |    printf("Natezenie swiatla = %d lx \r\n",TSL2591_Read_Lux());
      |                                            ^~~~~~~~~~~~~~~~
../Core/Src/main.c:157:5: warning: implicit declaration of function 'itoa' [-Wimplicit-function-declaration]
  157 |     itoa(t,buf,10);
      |     ^~~~
../Core/Src/main.c:160:10: warning: unused variable 'buf' [-Wunused-variable]
  160 |     char buf[7] ="";
      |          ^~~
../Core/Src/main.c:166:10: warning: unused variable 'buf' [-Wunused-variable]
  166 |     char buf[7] ="";
      |          ^~~
../Core/Src/main.c:173:10: warning: unused variable 'buf' [-Wunused-variable]
  173 |     char buf[7] ="";
      |          ^~~
../Core/Src/main.c:132:10: warning: variable 'test' set but not used [-Wunused-but-set-variable]
  132 |   int8_t test;
      |          ^~~~
arm-none-eabi-gcc -o "CubeMX.elf" @"objects.list"   -mcpu=cortex-m4 -T"C:\Users\gpior\Documents\Studia\Semestr_VI\SR\SR_projekt_Cube\CubeMX\STM32L476VGTX_FLASH.ld" --specs=nosys.specs -Wl,-Map="CubeMX.map" -Wl,--gc-sections -static --specs=nano.specs -mfpu=fpv4-sp-d16 -mfloat-abi=hard -mthumb -u _printf_float -Wl,--start-group -lc -lm -Wl,--end-group
Finished building target: CubeMX.elf
 
arm-none-eabi-size   CubeMX.elf 
arm-none-eabi-objdump -h -S  CubeMX.elf  > "CubeMX.list"
   text	   data	    bss	    dec	    hex	filename
  44776	    484	   2172	  47432	   b948	CubeMX.elf
Finished building: default.size.stdout
 
Finished building: CubeMX.list
 
19:07:59 **** Incremental Build of configuration Debug for project CubeMX ****
make -j8 all 
arm-none-eabi-gcc "../Core/Src/main.c" -mcpu=cortex-m4 -std=gnu11 -g3 -DDEBUG -DUSE_HAL_DRIVER -DSTM32L476xx -c -I../Core/Inc -I../Drivers/STM32L4xx_HAL_Driver/Inc -I../Drivers/STM32L4xx_HAL_Driver/Inc/Legacy -I../Drivers/CMSIS/Device/ST/STM32L4xx/Include -I../Drivers/CMSIS/Include -O0 -ffunction-sections -fdata-sections -Wall -fstack-usage -fcyclomatic-complexity -MMD -MP -MF"Core/Src/main.d" -MT"Core/Src/main.o" --specs=nano.specs -mfpu=fpv4-sp-d16 -mfloat-abi=hard -mthumb -o "Core/Src/main.o"
../Core/Src/main.c: In function 'main':
../Core/Src/main.c:128:4: warning: implicit declaration of function 'DEV_ModuleInit' [-Wimplicit-function-declaration]
  128 |    DEV_ModuleInit();
      |    ^~~~~~~~~~~~~~
../Core/Src/main.c:130:4: warning: implicit declaration of function 'TSL2591_Init' [-Wimplicit-function-declaration]
  130 |    TSL2591_Init();
      |    ^~~~~~~~~~~~
../Core/Src/main.c:147:44: warning: implicit declaration of function 'TSL2591_Read_Lux' [-Wimplicit-function-declaration]
  147 |    printf("Natezenie swiatla = %d lx \r\n",TSL2591_Read_Lux());
      |                                            ^~~~~~~~~~~~~~~~
../Core/Src/main.c:158:5: warning: implicit declaration of function 'itoa' [-Wimplicit-function-declaration]
  158 |     itoa(t,buf,10);
      |     ^~~~
../Core/Src/main.c:134:8: warning: unused variable 'buf' [-Wunused-variable]
  134 |   char buf[7] ="";
      |        ^~~
../Core/Src/main.c:132:10: warning: variable 'test' set but not used [-Wunused-but-set-variable]
  132 |   int8_t test;
      |          ^~~~
arm-none-eabi-gcc -o "CubeMX.elf" @"objects.list"   -mcpu=cortex-m4 -T"C:\Users\gpior\Documents\Studia\Semestr_VI\SR\SR_projekt_Cube\CubeMX\STM32L476VGTX_FLASH.ld" --specs=nosys.specs -Wl,-Map="CubeMX.map" -Wl,--gc-sections -static --specs=nano.specs -mfpu=fpv4-sp-d16 -mfloat-abi=hard -mthumb -u _printf_float -Wl,--start-group -lc -lm -Wl,--end-group
Finished building target: CubeMX.elf
 
arm-none-eabi-size   CubeMX.elf 
arm-none-eabi-objdump -h -S  CubeMX.elf  > "CubeMX.list"
   text	   data	    bss	    dec	    hex	filename
  44768	    484	   2172	  47424	   b940	CubeMX.elf
Finished building: default.size.stdout
 
Finished building: CubeMX.list
 
19:09:08 **** Incremental Build of configuration Debug for project CubeMX ****
make -j8 all 
arm-none-eabi-gcc "../Core/Src/main.c" -mcpu=cortex-m4 -std=gnu11 -g3 -DDEBUG -DUSE_HAL_DRIVER -DSTM32L476xx -c -I../Core/Inc -I../Drivers/STM32L4xx_HAL_Driver/Inc -I../Drivers/STM32L4xx_HAL_Driver/Inc/Legacy -I../Drivers/CMSIS/Device/ST/STM32L4xx/Include -I../Drivers/CMSIS/Include -O0 -ffunction-sections -fdata-sections -Wall -fstack-usage -fcyclomatic-complexity -MMD -MP -MF"Core/Src/main.d" -MT"Core/Src/main.o" --specs=nano.specs -mfpu=fpv4-sp-d16 -mfloat-abi=hard -mthumb -o "Core/Src/main.o"
../Core/Src/main.c: In function 'main':
../Core/Src/main.c:128:4: warning: implicit declaration of function 'DEV_ModuleInit' [-Wimplicit-function-declaration]
  128 |    DEV_ModuleInit();
      |    ^~~~~~~~~~~~~~
../Core/Src/main.c:130:4: warning: implicit declaration of function 'TSL2591_Init' [-Wimplicit-function-declaration]
  130 |    TSL2591_Init();
      |    ^~~~~~~~~~~~
../Core/Src/main.c:147:44: warning: implicit declaration of function 'TSL2591_Read_Lux' [-Wimplicit-function-declaration]
  147 |    printf("Natezenie swiatla = %d lx \r\n",TSL2591_Read_Lux());
      |                                            ^~~~~~~~~~~~~~~~
../Core/Src/main.c:158:5: warning: implicit declaration of function 'itoa' [-Wimplicit-function-declaration]
  158 |     itoa(t,buf,10);
      |     ^~~~
../Core/Src/main.c:134:8: warning: unused variable 'buf' [-Wunused-variable]
  134 |   char buf[7] ="";
      |        ^~~
../Core/Src/main.c:132:10: warning: variable 'test' set but not used [-Wunused-but-set-variable]
  132 |   int8_t test;
      |          ^~~~
arm-none-eabi-gcc -o "CubeMX.elf" @"objects.list"   -mcpu=cortex-m4 -T"C:\Users\gpior\Documents\Studia\Semestr_VI\SR\SR_projekt_Cube\CubeMX\STM32L476VGTX_FLASH.ld" --specs=nosys.specs -Wl,-Map="CubeMX.map" -Wl,--gc-sections -static --specs=nano.specs -mfpu=fpv4-sp-d16 -mfloat-abi=hard -mthumb -u _printf_float -Wl,--start-group -lc -lm -Wl,--end-group
Finished building target: CubeMX.elf
 
arm-none-eabi-size   CubeMX.elf 
arm-none-eabi-objdump -h -S  CubeMX.elf  > "CubeMX.list"
   text	   data	    bss	    dec	    hex	filename
  44800	    484	   2172	  47456	   b960	CubeMX.elf
Finished building: default.size.stdout
 
Finished building: CubeMX.list
 
19:10:47 **** Incremental Build of configuration Debug for project CubeMX ****
make -j8 all 
arm-none-eabi-gcc "../Core/Src/main.c" -mcpu=cortex-m4 -std=gnu11 -g3 -DDEBUG -DUSE_HAL_DRIVER -DSTM32L476xx -c -I../Core/Inc -I../Drivers/STM32L4xx_HAL_Driver/Inc -I../Drivers/STM32L4xx_HAL_Driver/Inc/Legacy -I../Drivers/CMSIS/Device/ST/STM32L4xx/Include -I../Drivers/CMSIS/Include -O0 -ffunction-sections -fdata-sections -Wall -fstack-usage -fcyclomatic-complexity -MMD -MP -MF"Core/Src/main.d" -MT"Core/Src/main.o" --specs=nano.specs -mfpu=fpv4-sp-d16 -mfloat-abi=hard -mthumb -o "Core/Src/main.o"
../Core/Src/main.c: In function 'main':
../Core/Src/main.c:128:4: warning: implicit declaration of function 'DEV_ModuleInit' [-Wimplicit-function-declaration]
  128 |    DEV_ModuleInit();
      |    ^~~~~~~~~~~~~~
../Core/Src/main.c:130:4: warning: implicit declaration of function 'TSL2591_Init' [-Wimplicit-function-declaration]
  130 |    TSL2591_Init();
      |    ^~~~~~~~~~~~
../Core/Src/main.c:147:44: warning: implicit declaration of function 'TSL2591_Read_Lux' [-Wimplicit-function-declaration]
  147 |    printf("Natezenie swiatla = %d lx \r\n",TSL2591_Read_Lux());
      |                                            ^~~~~~~~~~~~~~~~
../Core/Src/main.c:157:9: error: assignment to expression with array type
  157 |     buf ="";
      |         ^
../Core/Src/main.c:158:5: warning: implicit declaration of function 'itoa' [-Wimplicit-function-declaration]
  158 |     itoa(t,buf,10);
      |     ^~~~
../Core/Src/main.c:163:9: error: assignment to expression with array type
  163 |     buf ="";
      |         ^
../Core/Src/main.c:170:9: error: assignment to expression with array type
  170 |     buf ="";
      |         ^
../Core/Src/main.c:132:10: warning: variable 'test' set but not used [-Wunused-but-set-variable]
  132 |   int8_t test;
      |          ^~~~
make: *** [Core/Src/subdir.mk:61: Core/Src/main.o] Error 1
"make -j8 all" terminated with exit code 2. Build might be incomplete.
19:11:43 **** Incremental Build of configuration Debug for project CubeMX ****
make -j8 all 
arm-none-eabi-gcc "../Core/Src/main.c" -mcpu=cortex-m4 -std=gnu11 -g3 -DDEBUG -DUSE_HAL_DRIVER -DSTM32L476xx -c -I../Core/Inc -I../Drivers/STM32L4xx_HAL_Driver/Inc -I../Drivers/STM32L4xx_HAL_Driver/Inc/Legacy -I../Drivers/CMSIS/Device/ST/STM32L4xx/Include -I../Drivers/CMSIS/Include -O0 -ffunction-sections -fdata-sections -Wall -fstack-usage -fcyclomatic-complexity -MMD -MP -MF"Core/Src/main.d" -MT"Core/Src/main.o" --specs=nano.specs -mfpu=fpv4-sp-d16 -mfloat-abi=hard -mthumb -o "Core/Src/main.o"
../Core/Src/main.c: In function 'main':
../Core/Src/main.c:128:4: warning: implicit declaration of function 'DEV_ModuleInit' [-Wimplicit-function-declaration]
  128 |    DEV_ModuleInit();
      |    ^~~~~~~~~~~~~~
../Core/Src/main.c:130:4: warning: implicit declaration of function 'TSL2591_Init' [-Wimplicit-function-declaration]
  130 |    TSL2591_Init();
      |    ^~~~~~~~~~~~
../Core/Src/main.c:147:44: warning: implicit declaration of function 'TSL2591_Read_Lux' [-Wimplicit-function-declaration]
  147 |    printf("Natezenie swiatla = %d lx \r\n",TSL2591_Read_Lux());
      |                                            ^~~~~~~~~~~~~~~~
../Core/Src/main.c:157:5: warning: implicit declaration of function 'itoa' [-Wimplicit-function-declaration]
  157 |     itoa(t,buf,10);
      |     ^~~~
../Core/Src/main.c:132:10: warning: variable 'test' set but not used [-Wunused-but-set-variable]
  132 |   int8_t test;
      |          ^~~~
arm-none-eabi-gcc -o "CubeMX.elf" @"objects.list"   -mcpu=cortex-m4 -T"C:\Users\gpior\Documents\Studia\Semestr_VI\SR\SR_projekt_Cube\CubeMX\STM32L476VGTX_FLASH.ld" --specs=nosys.specs -Wl,-Map="CubeMX.map" -Wl,--gc-sections -static --specs=nano.specs -mfpu=fpv4-sp-d16 -mfloat-abi=hard -mthumb -u _printf_float -Wl,--start-group -lc -lm -Wl,--end-group
Finished building target: CubeMX.elf
 
arm-none-eabi-size   CubeMX.elf 
arm-none-eabi-objdump -h -S  CubeMX.elf  > "CubeMX.list"
   text	   data	    bss	    dec	    hex	filename
  44712	    484	   2172	  47368	   b908	CubeMX.elf
Finished building: default.size.stdout
 
Finished building: CubeMX.list
 
19:12:22 **** Incremental Build of configuration Debug for project CubeMX ****
make -j8 all 
arm-none-eabi-gcc "../Core/Src/main.c" -mcpu=cortex-m4 -std=gnu11 -g3 -DDEBUG -DUSE_HAL_DRIVER -DSTM32L476xx -c -I../Core/Inc -I../Drivers/STM32L4xx_HAL_Driver/Inc -I../Drivers/STM32L4xx_HAL_Driver/Inc/Legacy -I../Drivers/CMSIS/Device/ST/STM32L4xx/Include -I../Drivers/CMSIS/Include -O0 -ffunction-sections -fdata-sections -Wall -fstack-usage -fcyclomatic-complexity -MMD -MP -MF"Core/Src/main.d" -MT"Core/Src/main.o" --specs=nano.specs -mfpu=fpv4-sp-d16 -mfloat-abi=hard -mthumb -o "Core/Src/main.o"
../Core/Src/main.c: In function 'main':
../Core/Src/main.c:128:4: warning: implicit declaration of function 'DEV_ModuleInit' [-Wimplicit-function-declaration]
  128 |    DEV_ModuleInit();
      |    ^~~~~~~~~~~~~~
../Core/Src/main.c:130:4: warning: implicit declaration of function 'TSL2591_Init' [-Wimplicit-function-declaration]
  130 |    TSL2591_Init();
      |    ^~~~~~~~~~~~
../Core/Src/main.c:137:17: warning: initializer-string for array of 'char' is too long
  137 |   char lux[3] = " lx  ";
      |                 ^~~~~~~
../Core/Src/main.c:147:44: warning: implicit declaration of function 'TSL2591_Read_Lux' [-Wimplicit-function-declaration]
  147 |    printf("Natezenie swiatla = %d lx \r\n",TSL2591_Read_Lux());
      |                                            ^~~~~~~~~~~~~~~~
../Core/Src/main.c:157:5: warning: implicit declaration of function 'itoa' [-Wimplicit-function-declaration]
  157 |     itoa(t,buf,10);
      |     ^~~~
../Core/Src/main.c:132:10: warning: variable 'test' set but not used [-Wunused-but-set-variable]
  132 |   int8_t test;
      |          ^~~~
arm-none-eabi-gcc -o "CubeMX.elf" @"objects.list"   -mcpu=cortex-m4 -T"C:\Users\gpior\Documents\Studia\Semestr_VI\SR\SR_projekt_Cube\CubeMX\STM32L476VGTX_FLASH.ld" --specs=nosys.specs -Wl,-Map="CubeMX.map" -Wl,--gc-sections -static --specs=nano.specs -mfpu=fpv4-sp-d16 -mfloat-abi=hard -mthumb -u _printf_float -Wl,--start-group -lc -lm -Wl,--end-group
Finished building target: CubeMX.elf
 
arm-none-eabi-size   CubeMX.elf 
arm-none-eabi-objdump -h -S  CubeMX.elf  > "CubeMX.list"
   text	   data	    bss	    dec	    hex	filename
  44712	    484	   2172	  47368	   b908	CubeMX.elf
Finished building: default.size.stdout
 
Finished building: CubeMX.list
 
19:13:08 **** Incremental Build of configuration Debug for project CubeMX ****
make -j8 all 
arm-none-eabi-gcc "../Core/Src/main.c" -mcpu=cortex-m4 -std=gnu11 -g3 -DDEBUG -DUSE_HAL_DRIVER -DSTM32L476xx -c -I../Core/Inc -I../Drivers/STM32L4xx_HAL_Driver/Inc -I../Drivers/STM32L4xx_HAL_Driver/Inc/Legacy -I../Drivers/CMSIS/Device/ST/STM32L4xx/Include -I../Drivers/CMSIS/Include -O0 -ffunction-sections -fdata-sections -Wall -fstack-usage -fcyclomatic-complexity -MMD -MP -MF"Core/Src/main.d" -MT"Core/Src/main.o" --specs=nano.specs -mfpu=fpv4-sp-d16 -mfloat-abi=hard -mthumb -o "Core/Src/main.o"
../Core/Src/main.c: In function 'main':
../Core/Src/main.c:128:4: warning: implicit declaration of function 'DEV_ModuleInit' [-Wimplicit-function-declaration]
  128 |    DEV_ModuleInit();
      |    ^~~~~~~~~~~~~~
../Core/Src/main.c:130:4: warning: implicit declaration of function 'TSL2591_Init' [-Wimplicit-function-declaration]
  130 |    TSL2591_Init();
      |    ^~~~~~~~~~~~
../Core/Src/main.c:137:17: warning: initializer-string for array of 'char' is too long
  137 |   char lux[3] = "  lx";
      |                 ^~~~~~
../Core/Src/main.c:147:44: warning: implicit declaration of function 'TSL2591_Read_Lux' [-Wimplicit-function-declaration]
  147 |    printf("Natezenie swiatla = %d lx \r\n",TSL2591_Read_Lux());
      |                                            ^~~~~~~~~~~~~~~~
../Core/Src/main.c:157:5: warning: implicit declaration of function 'itoa' [-Wimplicit-function-declaration]
  157 |     itoa(t,buf,10);
      |     ^~~~
../Core/Src/main.c:132:10: warning: variable 'test' set but not used [-Wunused-but-set-variable]
  132 |   int8_t test;
      |          ^~~~
arm-none-eabi-gcc -o "CubeMX.elf" @"objects.list"   -mcpu=cortex-m4 -T"C:\Users\gpior\Documents\Studia\Semestr_VI\SR\SR_projekt_Cube\CubeMX\STM32L476VGTX_FLASH.ld" --specs=nosys.specs -Wl,-Map="CubeMX.map" -Wl,--gc-sections -static --specs=nano.specs -mfpu=fpv4-sp-d16 -mfloat-abi=hard -mthumb -u _printf_float -Wl,--start-group -lc -lm -Wl,--end-group
Finished building target: CubeMX.elf
 
arm-none-eabi-size   CubeMX.elf 
arm-none-eabi-objdump -h -S  CubeMX.elf  > "CubeMX.list"
   text	   data	    bss	    dec	    hex	filename
  44712	    484	   2172	  47368	   b908	CubeMX.elf
Finished building: default.size.stdout
 
Finished building: CubeMX.list
 
19:14:05 **** Incremental Build of configuration Debug for project CubeMX ****
make -j8 all 
arm-none-eabi-gcc "../Core/Src/main.c" -mcpu=cortex-m4 -std=gnu11 -g3 -DDEBUG -DUSE_HAL_DRIVER -DSTM32L476xx -c -I../Core/Inc -I../Drivers/STM32L4xx_HAL_Driver/Inc -I../Drivers/STM32L4xx_HAL_Driver/Inc/Legacy -I../Drivers/CMSIS/Device/ST/STM32L4xx/Include -I../Drivers/CMSIS/Include -O0 -ffunction-sections -fdata-sections -Wall -fstack-usage -fcyclomatic-complexity -MMD -MP -MF"Core/Src/main.d" -MT"Core/Src/main.o" --specs=nano.specs -mfpu=fpv4-sp-d16 -mfloat-abi=hard -mthumb -o "Core/Src/main.o"
../Core/Src/main.c: In function 'main':
../Core/Src/main.c:128:4: warning: implicit declaration of function 'DEV_ModuleInit' [-Wimplicit-function-declaration]
  128 |    DEV_ModuleInit();
      |    ^~~~~~~~~~~~~~
../Core/Src/main.c:130:4: warning: implicit declaration of function 'TSL2591_Init' [-Wimplicit-function-declaration]
  130 |    TSL2591_Init();
      |    ^~~~~~~~~~~~
../Core/Src/main.c:147:44: warning: implicit declaration of function 'TSL2591_Read_Lux' [-Wimplicit-function-declaration]
  147 |    printf("Natezenie swiatla = %d lx \r\n",TSL2591_Read_Lux());
      |                                            ^~~~~~~~~~~~~~~~
../Core/Src/main.c:157:5: warning: implicit declaration of function 'itoa' [-Wimplicit-function-declaration]
  157 |     itoa(t,buf,10);
      |     ^~~~
../Core/Src/main.c:132:10: warning: variable 'test' set but not used [-Wunused-but-set-variable]
  132 |   int8_t test;
      |          ^~~~
arm-none-eabi-gcc -o "CubeMX.elf" @"objects.list"   -mcpu=cortex-m4 -T"C:\Users\gpior\Documents\Studia\Semestr_VI\SR\SR_projekt_Cube\CubeMX\STM32L476VGTX_FLASH.ld" --specs=nosys.specs -Wl,-Map="CubeMX.map" -Wl,--gc-sections -static --specs=nano.specs -mfpu=fpv4-sp-d16 -mfloat-abi=hard -mthumb -u _printf_float -Wl,--start-group -lc -lm -Wl,--end-group
Finished building target: CubeMX.elf
 
arm-none-eabi-size   CubeMX.elf 
arm-none-eabi-objdump -h -S  CubeMX.elf  > "CubeMX.list"
   text	   data	    bss	    dec	    hex	filename
  44712	    484	   2172	  47368	   b908	CubeMX.elf
Finished building: default.size.stdout
 
Finished building: CubeMX.list
 
19:15:20 **** Incremental Build of configuration Debug for project CubeMX ****
make -j8 all 
arm-none-eabi-size   CubeMX.elf 
   text	   data	    bss	    dec	    hex	filename
  44712	    484	   2172	  47368	   b908	CubeMX.elf
Finished building: default.size.stdout
 
10:07:20 **** Incremental Build of configuration Debug for project CubeMX ****
make -j8 all 
arm-none-eabi-size   CubeMX.elf 
   text	   data	    bss	    dec	    hex	filename
  44712	    484	   2172	  47368	   b908	CubeMX.elf
Finished building: default.size.stdout
 
18:57:32 **** Incremental Build of configuration Debug for project CubeMX ****
make -j8 all 
arm-none-eabi-size   CubeMX.elf 
   text	   data	    bss	    dec	    hex	filename
  44712	    484	   2172	  47368	   b908	CubeMX.elf
Finished building: default.size.stdout
 
19:02:42 **** Incremental Build of configuration Debug for project CubeMX ****
make -j8 all 
arm-none-eabi-size   CubeMX.elf 
   text	   data	    bss	    dec	    hex	filename
  44712	    484	   2172	  47368	   b908	CubeMX.elf
Finished building: default.size.stdout
 
