2023-04-23 14:41:26,271 [INFO] Activator:176 - 


2023-04-23 14:41:26,281 [INFO] Activator:177 - !SESSION log4j initialized
2023-04-23 14:41:32,991 [INFO] LogOutputStream:77 - [STDOUT_REDIRECT] 
2023-04-23 14:41:58,975 [ERROR] LogOutputStream:75 - [STDERR_REDIRECT] SLF4J: Failed to load class "org.slf4j.impl.StaticLoggerBinder".
2023-04-23 14:41:58,975 [ERROR] LogOutputStream:75 - [STDERR_REDIRECT] SLF4J: Defaulting to no-operation (NOP) logger implementation
2023-04-23 14:41:58,977 [ERROR] LogOutputStream:75 - [STDERR_REDIRECT] SLF4J: See http://www.slf4j.org/codes.html#StaticLoggerBinder for further details.
2023-04-23 14:49:41,735 [INFO] Activator:176 - 


2023-04-23 14:49:41,738 [INFO] Activator:177 - !SESSION log4j initialized
2023-04-23 14:49:47,139 [INFO] LogOutputStream:77 - [STDOUT_REDIRECT] 
2023-04-23 14:50:13,196 [ERROR] LogOutputStream:75 - [STDERR_REDIRECT] SLF4J: Failed to load class "org.slf4j.impl.StaticLoggerBinder".
2023-04-23 14:50:13,198 [ERROR] LogOutputStream:75 - [STDERR_REDIRECT] SLF4J: Defaulting to no-operation (NOP) logger implementation
2023-04-23 14:50:13,201 [ERROR] LogOutputStream:75 - [STDERR_REDIRECT] SLF4J: See http://www.slf4j.org/codes.html#StaticLoggerBinder for further details.
2023-04-23 16:48:37,774 [INFO] ApplicationProperties:184 - Using Application install path: C:\ST\STM32CubeIDE_1.8.0\STM32CubeIDE\plugins\com.st.stm32cube.common.mx_6.8.0.202302231600
2023-04-23 16:48:37,799 [INFO] DbMcusXml:78 - Set database path to: C:\ST\STM32CubeIDE_1.8.0\STM32CubeIDE\plugins\com.st.stm32cube.common.mx_6.8.0.202302231600\\db\/mcu/
2023-04-23 16:48:37,800 [INFO] ApiDb:274 - Set plugin database path to: C:\ST\STM32CubeIDE_1.8.0\STM32CubeIDE\plugins\com.st.stm32cube.common.mx_6.8.0.202302231600\\db\/plugins/boardmanager/
2023-04-23 16:48:37,802 [WARN] ApiDb:259 - Overriding images path with different value:  => C:\ST\STM32CubeIDE_1.8.0\STM32CubeIDE\plugins\com.st.stm32cube.common.mx_6.8.0.202302231600\\db\/plugins/mcufinder/images/
2023-04-23 16:48:37,827 [INFO] ApiDb:250 - Set database path to: C:\Users\gpior\.stmcufinder\plugins\mcufinder//mcu/
2023-04-23 16:48:37,829 [INFO] DbMcusAds:125 - Set database path to: C:\Users\gpior\.stmcufinder\plugins\mcufinder//mcu/
2023-04-23 16:48:37,857 [INFO] CrossReferenceDbSqlite:203 - Set database path to: C:\Users\gpior\.stmcufinder\plugins\mcufinder//mcu/cs/
2023-04-23 16:48:38,006 [INFO] RulesReader:64 - Compatibility file has been processed (293 Rules)
2023-04-23 16:48:38,105 [INFO] DbMcusXml:78 - Set database path to: C:\ST\STM32CubeIDE_1.8.0\STM32CubeIDE\plugins\com.st.stm32cube.common.mx_6.8.0.202302231600\\db\/mcu/
2023-04-23 16:48:38,105 [INFO] ApiDb:274 - Set plugin database path to: C:\ST\STM32CubeIDE_1.8.0\STM32CubeIDE\plugins\com.st.stm32cube.common.mx_6.8.0.202302231600\\db\/plugins/boardmanager/
2023-04-23 16:48:38,105 [INFO] ApiDb:261 - Set plugin images path to: C:\ST\STM32CubeIDE_1.8.0\STM32CubeIDE\plugins\com.st.stm32cube.common.mx_6.8.0.202302231600\\db\/plugins/mcufinder/images/
2023-04-23 16:48:38,106 [WARN] DbFile:41 - Overriding database path with different value: C:\Users\gpior\.stmcufinder\plugins\mcufinder/ => C:\Users\gpior\.stmcufinder\plugins\mcufinder
2023-04-23 16:48:38,106 [INFO] ApiDb:250 - Set database path to: C:\Users\gpior\.stmcufinder\plugins\mcufinder//mcu/
2023-04-23 16:48:38,106 [WARN] DbFile:41 - Overriding database path with different value: C:\Users\gpior\.stmcufinder\plugins\mcufinder/ => C:\Users\gpior\.stmcufinder\plugins\mcufinder
2023-04-23 16:48:38,106 [INFO] DbMcusAds:125 - Set database path to: C:\Users\gpior\.stmcufinder\plugins\mcufinder//mcu/
2023-04-23 16:48:38,106 [WARN] DbFile:41 - Overriding database path with different value: C:\Users\gpior\.stmcufinder\plugins\mcufinder/ => C:\Users\gpior\.stmcufinder\plugins\mcufinder
2023-04-23 16:48:38,106 [WARN] DbFile:41 - Overriding database path with different value: C:\Users\gpior\.stmcufinder\plugins\mcufinder/ => C:\Users\gpior\.stmcufinder\plugins\mcufinder
2023-04-23 16:48:38,107 [INFO] CrossReferenceDbSqlite:203 - Set database path to: C:\Users\gpior\.stmcufinder\plugins\mcufinder//mcu/cs/
2023-04-23 16:48:38,221 [INFO] MainPanel:253 - HeapMemory: 517996544
2023-04-23 16:48:38,334 [INFO] DbMcusXml:78 - Set database path to: C:\ST\STM32CubeIDE_1.8.0\STM32CubeIDE\plugins\com.st.stm32cube.common.mx_6.8.0.202302231600\\db\/mcu/
2023-04-23 16:48:38,334 [INFO] ApiDb:274 - Set plugin database path to: C:\ST\STM32CubeIDE_1.8.0\STM32CubeIDE\plugins\com.st.stm32cube.common.mx_6.8.0.202302231600\\db\/plugins/boardmanager/
2023-04-23 16:48:38,334 [INFO] ApiDb:261 - Set plugin images path to: C:\ST\STM32CubeIDE_1.8.0\STM32CubeIDE\plugins\com.st.stm32cube.common.mx_6.8.0.202302231600\\db\/plugins/mcufinder/images/
2023-04-23 16:48:38,335 [WARN] DbFile:41 - Overriding database path with different value: C:\Users\gpior\.stmcufinder\plugins\mcufinder/ => C:\Users\gpior\.stmcufinder\plugins\mcufinder
2023-04-23 16:48:38,335 [INFO] ApiDb:250 - Set database path to: C:\Users\gpior\.stmcufinder\plugins\mcufinder//mcu/
2023-04-23 16:48:38,335 [WARN] DbFile:41 - Overriding database path with different value: C:\Users\gpior\.stmcufinder\plugins\mcufinder/ => C:\Users\gpior\.stmcufinder\plugins\mcufinder
2023-04-23 16:48:38,335 [INFO] DbMcusAds:125 - Set database path to: C:\Users\gpior\.stmcufinder\plugins\mcufinder//mcu/
2023-04-23 16:48:38,335 [WARN] DbFile:41 - Overriding database path with different value: C:\Users\gpior\.stmcufinder\plugins\mcufinder/ => C:\Users\gpior\.stmcufinder\plugins\mcufinder
2023-04-23 16:48:38,335 [WARN] DbFile:41 - Overriding database path with different value: C:\Users\gpior\.stmcufinder\plugins\mcufinder/ => C:\Users\gpior\.stmcufinder\plugins\mcufinder
2023-04-23 16:48:38,335 [INFO] CrossReferenceDbSqlite:203 - Set database path to: C:\Users\gpior\.stmcufinder\plugins\mcufinder//mcu/cs/
2023-04-23 16:48:38,360 [INFO] ApplicationProperties:184 - Using Application install path: C:\ST\STM32CubeIDE_1.8.0\STM32CubeIDE\plugins\com.st.stm32cube.common.mx_6.8.0.202302231600
2023-04-23 16:48:38,361 [INFO] PluginManage:196 - Search for loadable plugins [exclusion list=, ]
2023-04-23 16:48:38,362 [INFO] PluginManage:310 - Check plugin analytics
2023-04-23 16:48:43,103 [INFO] AnalyticsPlugin:253 - Accepted Software Licenses: 
2023-04-23 16:48:43,103 [INFO] AnalyticsPlugin:255 - Accepted CMSIS Pack Licenses: 
2023-04-23 16:48:43,103 [INFO] AnalyticsPlugin:257 - Accepted Firmware Licenses: 
2023-04-23 16:48:43,111 [INFO] PluginManage:359 - Loaded plugin analytics (category:tool,tabindex:-1)
2023-04-23 16:48:43,111 [INFO] PluginManage:310 - Check plugin cadmodel
2023-04-23 16:48:43,127 [INFO] CADModel:105 - Init CAD model plugin
2023-04-23 16:48:43,127 [INFO] PluginManage:359 - Loaded plugin cadmodel (category:power,tabindex:5)
2023-04-23 16:48:43,127 [INFO] PluginManage:310 - Check plugin clock
2023-04-23 16:48:43,147 [INFO] PluginManage:359 - Loaded plugin clock (category:base,tabindex:2)
2023-04-23 16:48:43,148 [INFO] PluginManage:310 - Check plugin ddr
2023-04-23 16:48:43,150 [INFO] PluginManage:359 - Loaded plugin ddr (category:tool,tabindex:6)
2023-04-23 16:48:43,150 [INFO] PluginManage:310 - Check plugin filemanager
2023-04-23 16:48:43,300 [INFO] PluginManage:359 - Loaded plugin filemanager (category:base,tabindex:10)
2023-04-23 16:48:43,300 [INFO] PluginManage:310 - Check plugin ipmanager
2023-04-23 16:48:43,310 [INFO] PluginManage:359 - Loaded plugin ipmanager (category:base,tabindex:5)
2023-04-23 16:48:43,310 [INFO] PluginManage:310 - Check plugin lpbam
2023-04-23 16:48:43,330 [INFO] PluginManage:359 - Loaded plugin lpbam (category:base,tabindex:0)
2023-04-23 16:48:43,331 [INFO] PluginManage:310 - Check plugin pinoutandconfiguration
2023-04-23 16:48:43,351 [INFO] PluginManage:359 - Loaded plugin pinoutandconfiguration (category:base,tabindex:1)
2023-04-23 16:48:43,351 [INFO] PluginManage:310 - Check plugin pinoutconfig
2023-04-23 16:48:43,473 [WARN] SupportedApi:132 - Cannot load RTOS API schema: s4s-elt-must-match.1: The content of 'definitions' must match (annotation?, (simpleType | complexType)?, (unique | key | keyref)*)). A problem was found starting at: attribute.
2023-04-23 16:48:43,687 [INFO] PluginManage:359 - Loaded plugin pinoutconfig (category:base,tabindex:0)
2023-04-23 16:48:43,687 [INFO] PluginManage:310 - Check plugin power
2023-04-23 16:48:43,714 [INFO] PluginManage:359 - Loaded plugin power (category:power,tabindex:4)
2023-04-23 16:48:43,715 [INFO] PluginManage:310 - Check plugin projectmanager
2023-04-23 16:48:43,738 [INFO] PluginManage:359 - Loaded plugin projectmanager (category:projectmanager,tabindex:3)
2023-04-23 16:48:43,738 [INFO] PluginManage:310 - Check plugin thirdparty
2023-04-23 16:48:44,045 [INFO] PluginManage:359 - Loaded plugin thirdparty (category:base,tabindex:-1)
2023-04-23 16:48:44,046 [INFO] PluginManage:310 - Check plugin tools
2023-04-23 16:48:44,045 [WARN] IntegrityCheckThread:84 - waiting for thirdparty lock release [integrity check]
2023-04-23 16:48:44,046 [INFO] IntegrityCheckThread:86 - entering critical section [integrity check]
2023-04-23 16:48:44,048 [INFO] ThirdPartyUpdaterWithRetryManager:70 - Updater plugin not ready yet. [1/15]
2023-04-23 16:48:44,081 [INFO] PluginManage:359 - Loaded plugin tools (category:base,tabindex:7)
2023-04-23 16:48:44,081 [INFO] PluginManage:310 - Check plugin tutovideos
2023-04-23 16:48:44,316 [INFO] PluginManage:359 - Loaded plugin tutovideos (category:base,tabindex:-1)
2023-04-23 16:48:44,316 [INFO] PluginManage:310 - Check plugin updater
2023-04-23 16:48:44,338 [INFO] PluginManage:359 - Loaded plugin updater (category:base,tabindex:12)
2023-04-23 16:48:44,338 [INFO] PluginManage:283 - PluginManage : Loaded plugins [15]
2023-04-23 16:48:44,681 [INFO] PinOutPanel:1499 - setPackage(No Configuration,No Configuration)
2023-04-23 16:48:44,757 [INFO] CADModel:165 - CPN selected for project level
2023-04-23 16:48:44,757 [INFO] CADModel:114 - Register for checkConnection events
2023-04-23 16:48:44,787 [INFO] IPUIPlugin:80 - create IPUIPlugin
2023-04-23 16:48:44,788 [INFO] PluginManager:220 - loadIPPluginJar : add adc
2023-04-23 16:48:44,846 [INFO] IPUIPlugin:80 - create IPUIPlugin
2023-04-23 16:48:44,846 [INFO] PluginManager:220 - loadIPPluginJar : add aes
2023-04-23 16:48:44,901 [INFO] IPUIPlugin:80 - create IPUIPlugin
2023-04-23 16:48:44,901 [INFO] PluginManager:220 - loadIPPluginJar : add can
2023-04-23 16:48:44,927 [INFO] IPUIPlugin:80 - create IPUIPlugin
2023-04-23 16:48:44,928 [INFO] PluginManager:220 - loadIPPluginJar : add comp
2023-04-23 16:48:44,967 [INFO] IPUIPlugin:80 - create IPUIPlugin
2023-04-23 16:48:44,967 [INFO] PluginManager:220 - loadIPPluginJar : add cryp
2023-04-23 16:48:45,000 [INFO] IPUIPlugin:80 - create IPUIPlugin
2023-04-23 16:48:45,000 [INFO] PluginManager:220 - loadIPPluginJar : add dfsdm
2023-04-23 16:48:45,019 [INFO] IPUIPlugin:80 - create IPUIPlugin
2023-04-23 16:48:45,019 [INFO] PluginManager:220 - loadIPPluginJar : add dma
2023-04-23 16:48:45,068 [INFO] IPUIPlugin:80 - create IPUIPlugin
2023-04-23 16:48:45,069 [INFO] PluginManager:220 - loadIPPluginJar : add dma3
2023-04-23 16:48:45,105 [INFO] IPUIPlugin:80 - create IPUIPlugin
2023-04-23 16:48:45,105 [INFO] PluginManager:220 - loadIPPluginJar : add fatfs
2023-04-23 16:48:45,166 [INFO] IPUIPlugin:80 - create IPUIPlugin
2023-04-23 16:48:45,167 [INFO] PluginManager:220 - loadIPPluginJar : add fmc
2023-04-23 16:48:45,191 [INFO] IPUIPlugin:80 - create IPUIPlugin
2023-04-23 16:48:45,191 [INFO] PluginManager:220 - loadIPPluginJar : add freertos
2023-04-23 16:48:45,228 [INFO] IPUIPlugin:80 - create IPUIPlugin
2023-04-23 16:48:45,229 [INFO] PluginManager:220 - loadIPPluginJar : add genericplugin
2023-04-23 16:48:45,363 [INFO] IPUIPlugin:80 - create IPUIPlugin
2023-04-23 16:48:45,363 [INFO] PluginManager:220 - loadIPPluginJar : add gfxmmu
2023-04-23 16:48:45,525 [INFO] IPUIPlugin:80 - create IPUIPlugin
2023-04-23 16:48:45,525 [INFO] PluginManager:220 - loadIPPluginJar : add gic
2023-04-23 16:48:45,540 [INFO] IPUIPlugin:80 - create IPUIPlugin
2023-04-23 16:48:45,541 [INFO] PluginManager:220 - loadIPPluginJar : add gpio
2023-04-23 16:48:45,663 [INFO] IPUIPlugin:80 - create IPUIPlugin
2023-04-23 16:48:45,663 [INFO] PluginManager:220 - loadIPPluginJar : add gtzc
2023-04-23 16:48:45,712 [INFO] IPUIPlugin:80 - create IPUIPlugin
2023-04-23 16:48:45,712 [INFO] PluginManager:220 - loadIPPluginJar : add hash
2023-04-23 16:48:45,793 [INFO] IPUIPlugin:80 - create IPUIPlugin
2023-04-23 16:48:45,794 [INFO] PluginManager:220 - loadIPPluginJar : add i2c
2023-04-23 16:48:45,858 [INFO] IPUIPlugin:80 - create IPUIPlugin
2023-04-23 16:48:45,858 [INFO] PluginManager:220 - loadIPPluginJar : add i2s
2023-04-23 16:48:45,902 [INFO] IPUIPlugin:80 - create IPUIPlugin
2023-04-23 16:48:45,902 [INFO] PluginManager:220 - loadIPPluginJar : add i3c
2023-04-23 16:48:46,056 [INFO] IPUIPlugin:80 - create IPUIPlugin
2023-04-23 16:48:46,056 [INFO] PluginManager:220 - loadIPPluginJar : add ipddr
2023-04-23 16:48:46,204 [INFO] IPUIPlugin:80 - create IPUIPlugin
2023-04-23 16:48:46,204 [INFO] PluginManager:220 - loadIPPluginJar : add linkedlist
2023-04-23 16:48:46,266 [INFO] IPUIPlugin:80 - create IPUIPlugin
2023-04-23 16:48:46,266 [INFO] PluginManager:220 - loadIPPluginJar : add lorawan
2023-04-23 16:48:46,326 [INFO] IPUIPlugin:80 - create IPUIPlugin
2023-04-23 16:48:46,327 [INFO] PluginManager:220 - loadIPPluginJar : add ltdc
2023-04-23 16:48:46,348 [INFO] IPUIPlugin:80 - create IPUIPlugin
2023-04-23 16:48:46,348 [INFO] PluginManager:220 - loadIPPluginJar : add mdma
2023-04-23 16:48:46,365 [INFO] IPUIPlugin:80 - create IPUIPlugin
2023-04-23 16:48:46,365 [INFO] PluginManager:220 - loadIPPluginJar : add nvic
2023-04-23 16:48:46,434 [INFO] IPUIPlugin:80 - create IPUIPlugin
2023-04-23 16:48:46,434 [INFO] PluginManager:220 - loadIPPluginJar : add opamp
2023-04-23 16:48:46,518 [INFO] IPUIPlugin:80 - create IPUIPlugin
2023-04-23 16:48:46,519 [INFO] PluginManager:220 - loadIPPluginJar : add openamp
2023-04-23 16:48:46,580 [INFO] IPUIPlugin:80 - create IPUIPlugin
2023-04-23 16:48:46,580 [INFO] PluginManager:220 - loadIPPluginJar : add pdm2pcm
2023-04-23 16:48:46,600 [INFO] IPUIPlugin:80 - create IPUIPlugin
2023-04-23 16:48:46,603 [INFO] PluginManager:220 - loadIPPluginJar : add plateformsettings
2023-04-23 16:48:46,642 [INFO] IPUIPlugin:80 - create IPUIPlugin
2023-04-23 16:48:46,642 [INFO] PluginManager:220 - loadIPPluginJar : add quadspi
2023-04-23 16:48:46,662 [INFO] IPUIPlugin:80 - create IPUIPlugin
2023-04-23 16:48:46,662 [INFO] PluginManager:220 - loadIPPluginJar : add resmgrutility
2023-04-23 16:48:46,754 [INFO] IPUIPlugin:80 - create IPUIPlugin
2023-04-23 16:48:46,754 [INFO] PluginManager:220 - loadIPPluginJar : add sai
2023-04-23 16:48:46,825 [INFO] IPUIPlugin:80 - create IPUIPlugin
2023-04-23 16:48:46,825 [INFO] PluginManager:220 - loadIPPluginJar : add spi
2023-04-23 16:48:46,919 [INFO] IPUIPlugin:80 - create IPUIPlugin
2023-04-23 16:48:46,919 [INFO] PluginManager:220 - loadIPPluginJar : add stm32_wpan
2023-04-23 16:48:46,960 [INFO] IPUIPlugin:80 - create IPUIPlugin
2023-04-23 16:48:46,960 [INFO] PluginManager:220 - loadIPPluginJar : add tim
2023-04-23 16:48:47,017 [INFO] IPUIPlugin:80 - create IPUIPlugin
2023-04-23 16:48:47,017 [INFO] PluginManager:220 - loadIPPluginJar : add touchsensing
2023-04-23 16:48:47,050 [INFO] ThirdPartyUpdaterWithRetryManager:70 - Updater plugin not ready yet. [2/15]
2023-04-23 16:48:47,060 [INFO] IPUIPlugin:80 - create IPUIPlugin
2023-04-23 16:48:47,060 [INFO] PluginManager:220 - loadIPPluginJar : add tracer_emb
2023-04-23 16:48:47,096 [INFO] IPUIPlugin:80 - create IPUIPlugin
2023-04-23 16:48:47,097 [INFO] PluginManager:220 - loadIPPluginJar : add ts
2023-04-23 16:48:47,141 [INFO] IPUIPlugin:80 - create IPUIPlugin
2023-04-23 16:48:47,141 [INFO] PluginManager:220 - loadIPPluginJar : add tsc
2023-04-23 16:48:47,184 [INFO] IPUIPlugin:80 - create IPUIPlugin
2023-04-23 16:48:47,184 [INFO] PluginManager:220 - loadIPPluginJar : add ucpd
2023-04-23 16:48:47,268 [INFO] IPUIPlugin:80 - create IPUIPlugin
2023-04-23 16:48:47,268 [INFO] PluginManager:220 - loadIPPluginJar : add usart
2023-04-23 16:48:47,329 [INFO] IPUIPlugin:80 - create IPUIPlugin
2023-04-23 16:48:47,329 [INFO] PluginManager:220 - loadIPPluginJar : add usbx
2023-04-23 16:48:47,473 [INFO] CADModel:165 - CPN selected for project level
2023-04-23 16:48:47,474 [INFO] CADModel:114 - Register for checkConnection events
2023-04-23 16:48:47,474 [FATAL] Updater:308 - Updater called before beeing initialized
2023-04-23 16:48:47,474 [ERROR] CADModel:125 - Updater not yet initialized, retry later 
2023-04-23 16:48:47,674 [INFO] CADModel:165 - CPN selected for project level
2023-04-23 16:48:47,674 [INFO] CADModel:114 - Register for checkConnection events
2023-04-23 16:48:47,674 [FATAL] Updater:308 - Updater called before beeing initialized
2023-04-23 16:48:47,674 [ERROR] CADModel:125 - Updater not yet initialized, retry later 
2023-04-23 16:48:47,679 [FATAL] Updater:308 - Updater called before beeing initialized
2023-04-23 16:48:47,943 [FATAL] Updater:308 - Updater called before beeing initialized
2023-04-23 16:48:47,971 [INFO] DbMcusAds:53 - JSON generation date=Tue Mar 07 09:50:55 CET 2023 (1678179055335)
2023-04-23 16:48:47,972 [FATAL] Updater:308 - Updater called before beeing initialized
2023-04-23 16:48:48,111 [WARN] DetailPanel:346 - Failed to get advertising image, set to default
2023-04-23 16:48:48,335 [FATAL] Updater:308 - Updater called before beeing initialized
2023-04-23 16:48:48,340 [FATAL] Updater:308 - Updater called before beeing initialized
2023-04-23 16:48:48,340 [FATAL] Updater:308 - Updater called before beeing initialized
2023-04-23 16:48:48,340 [WARN] DetailPanel:346 - Failed to get advertising image, set to default
2023-04-23 16:48:48,342 [FATAL] Updater:308 - Updater called before beeing initialized
2023-04-23 16:48:48,466 [ERROR] Updater:1120 - MainUpdater not yet initialized. External WinMGr cannot be set.
2023-04-23 16:48:48,480 [INFO] Updater:1056 - Updater Version found : 6.8.0
2023-04-23 16:48:48,512 [INFO] ApplicationProperties:184 - Using Application install path: C:\ST\STM32CubeIDE_1.8.0\STM32CubeIDE\plugins\com.st.stm32cube.common.mx_6.8.0.202302231600
2023-04-23 16:48:48,959 [INFO] MainUpdater:2854 - connection check result : 10
2023-04-23 16:48:48,961 [INFO] MainUpdater:283 - Updater Check For Update Now.
2023-04-23 16:48:48,961 [INFO] MicroXplorer:498 - Change Database Version : DB.6.0.80
2023-04-23 16:48:49,219 [INFO] CheckServerUpdateThread:120 - End of CheckServer Thread
2023-04-23 16:48:49,410 [INFO] MainUpdater:2854 - connection check result : 10
2023-04-23 16:48:49,424 [INFO] MainUpdater:2854 - connection check result : 10
2023-04-23 16:48:49,673 [INFO] MicroXplorer:468 - Change Database Path : 
2023-04-23 16:48:49,673 [INFO] MicroXplorer:498 - Change Database Version : DB.6.0.80
2023-04-23 16:48:49,677 [WARN] ThirdParty:871 - waiting for thirdparty lock release [close project]
2023-04-23 16:48:50,264 [WARN] PackLoader:240 - Cannot read IP mode file for wolfSSL.I-CUBE-wolfSSL.5.2.0
2023-04-23 16:48:50,284 [WARN] PackLoader:240 - Cannot read IP mode file for STMicroelectronics.X-CUBE-GNSS1.6.0.0
2023-04-23 16:48:50,337 [WARN] PackLoader:240 - Cannot read IP mode file for STMicroelectronics.X-CUBE-AZRTOS-F4.1.1.0
2023-04-23 16:48:50,401 [WARN] PackLoader:240 - Cannot read IP mode file for STMicroelectronics.X-CUBE-MEMS1.9.2.0
2023-04-23 16:48:50,563 [WARN] PackLoader:240 - Cannot read IP mode file for STMicroelectronics.X-CUBE-AZRTOS-F7.1.1.0
2023-04-23 16:48:50,584 [WARN] PackLoader:240 - Cannot read IP mode file for STMicroelectronics.X-CUBE-AI.7.1.0
2023-04-23 16:48:50,601 [WARN] PackLoader:240 - Cannot read IP mode file for STMicroelectronics.X-CUBE-TOUCHGFX.4.19.1
2023-04-23 16:48:50,620 [WARN] PackLoader:240 - Cannot read IP mode file for STMicroelectronics.X-CUBE-BLE1.6.2.3
2023-04-23 16:48:50,636 [WARN] PackLoader:240 - Cannot read IP mode file for STMicroelectronics.X-CUBE-BLE1.6.2.4
2023-04-23 16:48:50,660 [WARN] PackLoader:240 - Cannot read IP mode file for emotas.I-CUBE-CANOPEN.1.1.3
2023-04-23 16:48:50,686 [WARN] PackLoader:240 - Cannot read IP mode file for STMicroelectronics.X-CUBE-BLEMGR.2.0.0
2023-04-23 16:48:50,708 [WARN] PackLoader:240 - Cannot read IP mode file for STMicroelectronics.X-CUBE-BLE1.6.2.2
2023-04-23 16:48:50,728 [WARN] PackLoader:240 - Cannot read IP mode file for STMicroelectronics.X-CUBE-NFC4.2.0.4
2023-04-23 16:48:50,742 [WARN] PackLoader:240 - Cannot read IP mode file for STMicroelectronics.X-CUBE-BLE2.3.2.2
2023-04-23 16:48:50,758 [WARN] PackLoader:240 - Cannot read IP mode file for STMicroelectronics.X-CUBE-NFC4.2.0.3
2023-04-23 16:48:50,780 [WARN] PackLoader:240 - Cannot read IP mode file for STMicroelectronics.X-CUBE-SFXS2LP1.3.1.0
2023-04-23 16:48:50,800 [WARN] PackLoader:240 - Cannot read IP mode file for STMicroelectronics.X-CUBE-DISPLAY.3.0.0
2023-04-23 16:48:50,845 [WARN] PackLoader:240 - Cannot read IP mode file for STMicroelectronics.X-CUBE-AZRTOS-F4.1.0.0
2023-04-23 16:48:50,866 [WARN] PackLoader:240 - Cannot read IP mode file for wolfSSL.I-CUBE-wolfSSL.5.5.4
2023-04-23 16:48:50,882 [WARN] PackLoader:240 - Cannot read IP mode file for STMicroelectronics.X-CUBE-NFC7.1.0.0
2023-04-23 16:48:50,902 [WARN] PackLoader:240 - Cannot read IP mode file for STMicroelectronics.X-CUBE-SUBG2.4.2.0
2023-04-23 16:48:50,923 [WARN] PackLoader:240 - Cannot read IP mode file for STMicroelectronics.X-CUBE-EEPRMA1.4.1.0
2023-04-23 16:48:50,956 [WARN] PackLoader:240 - Cannot read IP mode file for STMicroelectronics.X-CUBE-AZRTOS-G0.1.0.0
2023-04-23 16:48:50,974 [WARN] PackLoader:240 - Cannot read IP mode file for STMicroelectronics.X-CUBE-SFXS2LP1.4.0.0
2023-04-23 16:48:50,990 [WARN] PackLoader:240 - Cannot read IP mode file for STMicroelectronics.X-CUBE-BLE2.3.3.0
2023-04-23 16:48:51,005 [WARN] PackLoader:240 - Cannot read IP mode file for STMicroelectronics.X-CUBE-DISPLAY.2.2.0
2023-04-23 16:48:51,029 [WARN] PackLoader:240 - Cannot read IP mode file for STMicroelectronics.X-CUBE-TOF1.3.2.0
2023-04-23 16:48:51,047 [WARN] PackLoader:240 - Cannot read IP mode file for STMicroelectronics.X-CUBE-TOUCHGFX.4.18.1
2023-04-23 16:48:51,080 [WARN] PackLoader:240 - Cannot read IP mode file for STMicroelectronics.X-CUBE-AZRTOS-H7.3.0.0
2023-04-23 16:48:51,098 [WARN] PackLoader:240 - Cannot read IP mode file for STMicroelectronics.X-CUBE-ISPU.1.1.0
2023-04-23 16:48:51,120 [WARN] PackLoader:240 - Cannot read IP mode file for RoweBots.I-CUBE-UNISONRTOS.5.5.0-4
2023-04-23 16:48:51,150 [WARN] PackLoader:240 - Cannot read IP mode file for STMicroelectronics.X-CUBE-AZRTOS-H7.2.1.0
2023-04-23 16:48:51,166 [WARN] PackLoader:240 - Cannot read IP mode file for STMicroelectronics.X-CUBE-AI.8.0.0
2023-04-23 16:48:51,179 [WARN] PackLoader:240 - Cannot read IP mode file for STMicroelectronics.X-CUBE-TOUCHGFX.4.21.1
2023-04-23 16:48:51,195 [WARN] PackLoader:240 - Cannot read IP mode file for STMicroelectronics.X-CUBE-ALGOBUILD.1.3.0
2023-04-23 16:48:51,226 [WARN] PackLoader:240 - Cannot read IP mode file for STMicroelectronics.X-CUBE-AZRTOS-L5.1.1.0
2023-04-23 16:48:51,254 [WARN] PackLoader:240 - Cannot read IP mode file for STMicroelectronics.X-CUBE-AZRTOS-G0.1.1.0
2023-04-23 16:48:51,294 [WARN] PackLoader:240 - Cannot read IP mode file for STMicroelectronics.X-CUBE-SUBG2.5.0.0
2023-04-23 16:48:51,314 [WARN] PackLoader:240 - Cannot read IP mode file for STMicroelectronics.X-CUBE-NFC4.3.0.0
2023-04-23 16:48:51,381 [WARN] PackLoader:240 - Cannot read IP mode file for SEGGER.I-CUBE-embOS.1.2.0
2023-04-23 16:48:51,432 [WARN] PackLoader:240 - Cannot read IP mode file for STMicroelectronics.X-CUBE-DISPLAY.2.1.0
2023-04-23 16:48:51,449 [WARN] PackLoader:240 - Cannot read IP mode file for STMicroelectronics.FP-ATR-ASTRA1.1.1.1
2023-04-23 16:48:51,479 [WARN] PackLoader:240 - Cannot read IP mode file for STMicroelectronics.X-CUBE-AZRTOS-H7.2.0.0
2023-04-23 16:48:51,505 [WARN] PackLoader:240 - Cannot read IP mode file for STMicroelectronics.X-CUBE-AZRTOS-G4.1.0.0
2023-04-23 16:48:51,521 [WARN] PackLoader:240 - Cannot read IP mode file for STMicroelectronics.FP-ATR-SIGFOX1.3.2.0
2023-04-23 16:48:51,548 [WARN] PackLoader:240 - Cannot read IP mode file for STMicroelectronics.X-CUBE-AZRTOS-L4.1.0.0
2023-04-23 16:48:51,565 [WARN] PackLoader:240 - Cannot read IP mode file for emotas.I-CUBE-CANOPEN.1.1.2
2023-04-23 16:48:51,593 [WARN] PackLoader:240 - Cannot read IP mode file for STMicroelectronics.X-CUBE-AZRTOS-F7.1.0.0
2023-04-23 16:48:51,617 [WARN] PackLoader:240 - Cannot read IP mode file for STMicroelectronics.X-CUBE-AZRTOS-WL.1.0.0
2023-04-23 16:48:51,671 [WARN] PackLoader:240 - Cannot read IP mode file for STMicroelectronics.X-CUBE-MEMS1.9.1.0
2023-04-23 16:48:51,747 [WARN] PackLoader:240 - Cannot read IP mode file for portGmbH.I-Cube-SoM-uGOAL.1.1.0
2023-04-23 16:48:51,763 [WARN] PackLoader:240 - Cannot read IP mode file for STMicroelectronics.X-CUBE-ALS.1.0.1
2023-04-23 16:48:51,812 [WARN] PackLoader:240 - Cannot read IP mode file for STMicroelectronics.X-CUBE-MEMS1.9.5.0
2023-04-23 16:48:51,920 [WARN] PackLoader:240 - Cannot read IP mode file for STMicroelectronics.X-CUBE-AZRTOS-WB.1.1.0
2023-04-23 16:48:51,960 [WARN] PackLoader:240 - Cannot read IP mode file for SEGGER.I-CUBE-embOS.1.3.1
2023-04-23 16:48:52,046 [WARN] PackLoader:240 - Cannot read IP mode file for STMicroelectronics.X-CUBE-AZRTOS-L5.1.0.0
2023-04-23 16:48:52,069 [WARN] PackLoader:240 - Cannot read IP mode file for STMicroelectronics.X-CUBE-EEPRMA1.3.1.1
2023-04-23 16:48:52,092 [WARN] PackLoader:240 - Cannot read IP mode file for STMicroelectronics.X-CUBE-GNSS1.5.2.0
2023-04-23 16:48:52,161 [WARN] PackLoader:240 - Cannot read IP mode file for STMicroelectronics.X-CUBE-DISPLAY.2.0.1
2023-04-23 16:48:52,187 [WARN] PackLoader:240 - Cannot read IP mode file for STMicroelectronics.X-CUBE-TOF1.3.0.0
2023-04-23 16:48:52,191 [INFO] ThirdParty:978 - Integrity check success = true
2023-04-23 16:48:52,192 [INFO] IntegrityCheckThread:100 - exiting critical section [integrity check]
2023-04-23 16:48:52,192 [INFO] IntegrityCheckThread:103 - End integrity checks thread
2023-04-23 16:48:52,192 [INFO] ThirdParty:873 - entering critical section [close project]
2023-04-23 16:48:52,194 [INFO] ThirdParty:883 - exiting critical section [close project]
2023-04-23 16:48:52,205 [INFO] PinOutPanel:1499 - setPackage(No Configuration,No Configuration)
2023-04-23 16:48:52,212 [INFO] UtilMem:75 - Begin LoadConfig() Used Memory: 189967144 Bytes (517996544)
2023-04-23 16:48:52,215 [INFO] MicroXplorer:468 - Change Database Path : 
2023-04-23 16:48:52,216 [INFO] MicroXplorer:498 - Change Database Version : DB.6.0.80
2023-04-23 16:48:52,217 [INFO] OpenFileManager:308 - Change cursor
2023-04-23 16:48:52,299 [INFO] Mcu:1937 - Initializing MCU STM32L476V(C-E-G)Tx STM32L476VGTx STM32L476VGT3
2023-04-23 16:48:54,853 [INFO] Context:659 - Trying to add GPIOservice into a context  which must be forbidden
2023-04-23 16:48:56,133 [INFO] RtosManager:555 - Registered RTOS mode: class=CMSIS, group=RTOS, mode=CMSIS_V1, owner=FREERTOS
2023-04-23 16:48:56,133 [INFO] RtosManager:555 - Registered RTOS mode: class=CMSIS, group=RTOS2, mode=CMSIS_V2, owner=FREERTOS
2023-04-23 16:48:56,133 [INFO] RtosManager:555 - Registered RTOS mode: class=RTOS, group=Core, mode=CMSIS_V1, owner=FREERTOS
2023-04-23 16:48:56,133 [INFO] RtosManager:555 - Registered RTOS mode: class=RTOS, group=Core, mode=CMSIS_V2, owner=FREERTOS
2023-04-23 16:48:56,134 [WARN] ModelIntegratedComponent:184 - Missing modes for component STMicroelectronics:FreeRTOS:0.0.1:STMicroelectronics:RTOS:FreeRTOS:Core:::10.2.0:
2023-04-23 16:48:56,155 [WARN] ModelIntegratedComponent:63 - No mode defined for component null
2023-04-23 16:48:56,156 [WARN] ModelIntegratedComponent:63 - No mode defined for component null
2023-04-23 16:48:56,156 [WARN] ModelIntegratedComponent:63 - No mode defined for component null
2023-04-23 16:48:56,156 [WARN] ModelIntegratedComponent:63 - No mode defined for component null
2023-04-23 16:48:56,156 [WARN] ModelIntegratedComponent:63 - No mode defined for component null
2023-04-23 16:48:56,156 [WARN] ModelIntegratedComponent:63 - No mode defined for component null
2023-04-23 16:48:56,156 [WARN] ModelIntegratedComponent:63 - No mode defined for component null
2023-04-23 16:48:56,156 [WARN] ModelIntegratedComponent:63 - No mode defined for component null
2023-04-23 16:48:56,156 [WARN] ModelIntegratedComponent:63 - No mode defined for component null
2023-04-23 16:48:56,156 [WARN] ModelIntegratedComponent:63 - No mode defined for component null
2023-04-23 16:48:56,156 [WARN] ModelIntegratedComponent:63 - No mode defined for component null
2023-04-23 16:48:56,156 [WARN] ModelIntegratedComponent:63 - No mode defined for component null
2023-04-23 16:48:56,156 [WARN] ModelIntegratedComponent:63 - No mode defined for component null
2023-04-23 16:48:56,156 [WARN] ModelIntegratedComponent:63 - No mode defined for component null
2023-04-23 16:48:56,156 [WARN] ModelIntegratedComponent:63 - No mode defined for component null
2023-04-23 16:48:56,157 [WARN] ModelIntegratedComponent:63 - No mode defined for component null
2023-04-23 16:48:56,157 [WARN] ModelIntegratedComponent:63 - No mode defined for component null
2023-04-23 16:48:56,157 [WARN] ModelIntegratedComponent:63 - No mode defined for component null
2023-04-23 16:48:56,157 [WARN] ModelIntegratedComponent:63 - No mode defined for component null
2023-04-23 16:48:56,157 [WARN] ModelIntegratedComponent:63 - No mode defined for component null
2023-04-23 16:48:56,157 [WARN] ModelIntegratedComponent:63 - No mode defined for component null
2023-04-23 16:48:56,157 [WARN] ModelIntegratedComponent:63 - No mode defined for component null
2023-04-23 16:48:56,157 [WARN] ModelIntegratedComponent:63 - No mode defined for component null
2023-04-23 16:48:56,157 [WARN] ModelIntegratedComponent:63 - No mode defined for component null
2023-04-23 16:48:56,157 [WARN] ModelIntegratedComponent:63 - No mode defined for component null
2023-04-23 16:48:56,157 [WARN] ModelIntegratedComponent:63 - No mode defined for component null
2023-04-23 16:48:56,157 [WARN] ModelIntegratedComponent:63 - No mode defined for component null
2023-04-23 16:48:56,157 [WARN] ModelIntegratedComponent:63 - No mode defined for component null
2023-04-23 16:48:56,157 [WARN] ModelIntegratedComponent:63 - No mode defined for component null
2023-04-23 16:48:56,157 [WARN] ModelIntegratedComponent:63 - No mode defined for component null
2023-04-23 16:48:56,157 [WARN] ModelIntegratedComponent:63 - No mode defined for component null
2023-04-23 16:48:56,158 [WARN] ModelIntegratedComponent:63 - No mode defined for component null
2023-04-23 16:48:56,158 [WARN] ModelIntegratedComponent:63 - No mode defined for component null
2023-04-23 16:48:56,409 [INFO] ThirdPartyModel:298 - Start build external matchings
2023-04-23 16:48:57,020 [INFO] ThirdPartyModel:316 - End build external matchings
2023-04-23 16:48:57,080 [INFO] ImportTextPane:194 - (OptionalMessage_ERROR) IP (RCC) : Parameter (ADCFreq_Value) has invalid value (136000000)
2023-04-23 16:48:57,081 [INFO] ImportTextPane:194 - (OptionalMessage_ERROR) IP (RCC) : Invalid parameter (FamilyName)
2023-04-23 16:48:57,086 [INFO] ImportTextPane:194 - (OptionalMessage_ERROR) IP (RCC) : Parameter (RNGFreq_Value) has invalid value (68000000)
2023-04-23 16:48:57,086 [INFO] ImportTextPane:194 - (OptionalMessage_ERROR) IP (RCC) : Parameter (SDMMCFreq_Value) has invalid value (68000000)
2023-04-23 16:48:57,086 [INFO] ImportTextPane:194 - (OptionalMessage_ERROR) IP (RCC) : Parameter (USBFreq_Value) has invalid value (68000000)
2023-04-23 16:48:57,751 [INFO] UtilMem:75 - End LoadConfig() Used Memory: 281160592 Bytes (517996544)
2023-04-23 16:48:57,895 [INFO] ApiDb:581 - Connected to CubeFinder SQLite database (C:\Users\gpior\.stmcufinder\plugins\mcufinder\mcu\cube-finder-db.db)
2023-04-23 16:48:57,987 [INFO] ApiDb:668 - CubeFinder database Data Model version=2.1
2023-04-23 16:48:57,987 [INFO] ApiDb:669 - CubeFinder database Configuration version=3.0.35
2023-04-23 16:48:57,987 [INFO] ApiDb:670 - CubeFinder database generation date=2023-03-10 (1678456172)
2023-04-23 16:48:57,987 [INFO] ApiDb:671 - CubeFinder database FW Pack versions=[FP-ATR-ASTRA1_V1.1.1, STM32Cube_FW_C0_V1.0.1, STM32Cube_FW_F0_V1.11.4, STM32Cube_FW_F3_V1.11.4, STM32Cube_FW_F4_V1.27.1, STM32Cube_FW_F7_V1.17.0, STM32Cube_FW_G0_V1.6.1, STM32Cube_FW_G4_V1.5.1, STM32Cube_FW_H5_V0.5.1, STM32Cube_FW_H5_V1.0.0, STM32Cube_FW_H7_V1.11.0, STM32Cube_FW_L0_V1.12.2, STM32Cube_FW_L5_V1.5.0, STM32Cube_FW_U5_V1.2.0, STM32Cube_FW_WBA_V1.0.0, STM32Cube_FW_WBA_V1.0.0RC1, STM32Cube_FW_WBA_V1.0.0RC3, STM32Cube_FW_WB_V1.15.0RC1, STM32Cube_FW_WB_V1.16.0, STM32Cube_FW_WB_V1.16.0RC2, STM32Cube_FW_WL_V1.3.0, X-CUBE-ALGOBUILD_V1.3.0, X-CUBE-ALS_V1.0.1, X-CUBE-AZRTOS-F4_V1.1.0, X-CUBE-AZRTOS-F7_V1.1.0, X-CUBE-AZRTOS-G0_V1.1.0, X-CUBE-AZRTOS-G4_V1.0.0, X-CUBE-AZRTOS-H7_V3.0.0, X-CUBE-AZRTOS-L4_V1.0.0, X-CUBE-AZRTOS-L5_V1.1.0, X-CUBE-AZRTOS-WB_V1.1.0, X-CUBE-AZRTOS-WL_V1.0.0, X-CUBE-BLE1_V6.2.4, X-CUBE-BLE2_V3.3.0, X-CUBE-BLEMGR_V1.3.0, X-CUBE-EEPRMA1_V4.1.0, X-CUBE-GNSS1_V6.0.0, X-CUBE-MEMS1_V9.1.0, X-CUBE-MEMS1_V9.4.0, X-CUBE-MEMS1_V9.5.0, X-CUBE-NFC4_V3.0.0, X-CUBE-NFC7_V1.0.0, X-CUBE-SFXS2LP1_V4.0.0, X-CUBE-SUBG2_V5.0.0]
2023-04-23 16:49:00,131 [INFO] ApiDb:240 - Found 297 in-development CPN: [B-G473E-ZEST1S, B-WB1M-WPAN1, B-WL5M-SUBG1, NUCLEO-C031C6, NUCLEO-H503RB, NUCLEO-H563ZI, NUCLEO-U545RE-Q, NUCLEO-U5A5ZJ-Q, NUCLEO-WBA52CG, STEVAL-PROTEUS1, STEVAL-STWINBX1, STM320518-EVAL, STM32C0116-DK, STM32C011D6Y3TR, STM32C011D6Y6TR, STM32C011F4P3, STM32C011F4P6, STM32C011F4U3, STM32C011F4U6TR, STM32C011F6P3, STM32C011F6P6, STM32C011F6U3, STM32C011F6U6TR, STM32C011J4M3, STM32C011J4M6, STM32C011J6M3, STM32C011J6M6, STM32C0316-DK, STM32C031C4T3, STM32C031C4T6, STM32C031C4U3, STM32C031C4U6, STM32C031C6T3, STM32C031C6T6, STM32C031C6U3, STM32C031C6U6, STM32C031F4P3, STM32C031F4P6, STM32C031F6P3, STM32C031F6P6, STM32C031G4U3, STM32C031G4U6, STM32C031G6U3, STM32C031G6U6, STM32C031K4T3, STM32C031K4T6, STM32C031K4U3, STM32C031K4U6, STM32C031K6T3, STM32C031K6T6, STM32C031K6U3, STM32C031K6U6, STM32G071K8TXN, STM32G071K8UXN, STM32G081GBU6N, STM32G081KBT6N, STM32G081KBUXN, STM32G0B1CCT6N, STM32G0B1KCT6, STM32G0B1NEY6TR, STM32G0B1RCT6N, STM32G0C1CCT6, STM32G0C1CCT6N, STM32G0C1CCU6N, STM32G0C1CET6N, STM32G0C1CEU6N, STM32G0C1KCT6, STM32G0C1NEY6TR, STM32G0C1RCI6N, STM32G0C1RCT6N, STM32G0C1REI6N, STM32G0C1RET6N, STM32G0C1VCI6, STM32G0C1VEI6, STM32G471CCT6, STM32G471CCU6, STM32G471CET3, STM32G471CET6, STM32G471CEU3, STM32G471CEU6, STM32G471MCT6, STM32G471MET3, STM32G471MET6, STM32G471MEY6TR, STM32G471QCT6, STM32G471QET3, STM32G471RCT6, STM32G471RET3, STM32G471RET6, STM32G471VCH6, STM32G471VCI6, STM32G471VCT6, STM32G471VEH3, STM32G471VEH6, STM32G471VEI3, STM32G471VEI6, STM32G471VET3, STM32G471VET6, STM32G474CCT6, STM32H503CBT6, STM32H503CBU6, STM32H503EBY6TR, STM32H503KBU6, STM32H503RBT6, STM32H562AGI6, STM32H562AII6, STM32H562IGK6, STM32H562IGT6, STM32H562IIK6, STM32H562IIT6, STM32H562RGT6, STM32H562RGV6, STM32H562RIT6, STM32H562RIV6, STM32H562VGT6, STM32H562VIT6, STM32H562ZGT6, STM32H562ZIT6, STM32H563AGI6, STM32H563AII3Q, STM32H563AII6, STM32H563IGK6, STM32H563IGT6, STM32H563IIK3Q, STM32H563IIK6, STM32H563IIT3Q, STM32H563IIT6, STM32H563MIY3QTR, STM32H563RGT6, STM32H563RGV6, STM32H563RIT6, STM32H563RIV6, STM32H563VGT6, STM32H563VIT3Q, STM32H563VIT6, STM32H563ZGT6, STM32H563ZIT3Q, STM32H563ZIT6, STM32H573AII3Q, STM32H573AII6, STM32H573I-DK, STM32H573IIK3Q, STM32H573IIK6, STM32H573IIT3Q, STM32H573IIT6, STM32H573MIY3QTR, STM32H573RIT6, STM32H573RIV6, STM32H573VIT3Q, STM32H573VIT6, STM32H573ZIT3Q, STM32H573ZIT6, STM32L4R5QGI6STR, STM32MP131AAE3, STM32MP131AAF3, STM32MP131AAG3, STM32MP131CAE3, STM32MP131CAF3, STM32MP131CAG3, STM32MP131DAE7, STM32MP131DAF7, STM32MP131DAG7, STM32MP131FAE7, STM32MP131FAF7, STM32MP131FAG7, STM32MP133AAE3, STM32MP133AAF3, STM32MP133AAG3, STM32MP133CAE3, STM32MP133CAF3, STM32MP133CAG3, STM32MP133DAE7, STM32MP133DAF7, STM32MP133DAG7, STM32MP133FAE7, STM32MP133FAF7, STM32MP133FAG7, STM32MP135AAE3, STM32MP135AAF3, STM32MP135AAG3, STM32MP135CAE3, STM32MP135CAF3, STM32MP135CAG3, STM32MP135DAE7, STM32MP135DAF7, STM32MP135DAG7, STM32MP135F-DK, STM32MP135FAE7, STM32MP135FAF7, STM32MP135FAF7T, STM32MP135FAF7U, STM32MP135FAG7, STM32U535CBT6, STM32U535CBT6Q, STM32U535CBU6, STM32U535CBU6Q, STM32U535CCT6, STM32U535CCT6Q, STM32U535CCU6, STM32U535CCU6Q, STM32U535CET6, STM32U535CET6Q, STM32U535CEU6, STM32U535CEU6Q, STM32U535JEY6QTR, STM32U535NCY6QTR, STM32U535NEY6QTR, STM32U535RBI6, STM32U535RBI6Q, STM32U535RBT6, STM32U535RBT6Q, STM32U535RCI6, STM32U535RCI6Q, STM32U535RCT6, STM32U535RCT6Q, STM32U535REI6, STM32U535REI6Q, STM32U535RET6, STM32U535RET6Q, STM32U535VCI6, STM32U535VCI6Q, STM32U535VCT6, STM32U535VCT6Q, STM32U535VEI6, STM32U535VEI6Q, STM32U535VET6, STM32U535VET6Q, STM32U545CET6, STM32U545CET6Q, STM32U545CEU6, STM32U545CEU6Q, STM32U545JEY6QTR, STM32U545NEY6QTR, STM32U545REI6, STM32U545REI6Q, STM32U545RET6, STM32U545RET6Q, STM32U545VEI6, STM32U545VEI6Q, STM32U545VET6, STM32U545VET6Q, STM32U595AIH6, STM32U595AIH6Q, STM32U595AJH6, STM32U595AJH6Q, STM32U595QII6, STM32U595QII6Q, STM32U595QJI6, STM32U595QJI6Q, STM32U595RIT6, STM32U595RIT6Q, STM32U595RJT6, STM32U595RJT6Q, STM32U595VIT6, STM32U595VIT6Q, STM32U595VJT6, STM32U595VJT6Q, STM32U595ZIT6, STM32U595ZIT6Q, STM32U595ZIY6QTR, STM32U595ZJT6, STM32U595ZJT6Q, STM32U595ZJY6QTR, STM32U599BJY6QTR, STM32U599NIH6Q, STM32U599NJH6Q, STM32U599VIT6Q, STM32U599VJT6, STM32U599VJT6Q, STM32U599ZIT6Q, STM32U599ZIY6QTR, STM32U599ZJT6Q, STM32U599ZJY6QTR, STM32U5A5AJH6, STM32U5A5AJH6Q, STM32U5A5QJI6, STM32U5A5QJI6Q, STM32U5A5RJT6, STM32U5A5RJT6Q, STM32U5A5VJT6, STM32U5A5VJT6Q, STM32U5A5ZJT6, STM32U5A5ZJT6Q, STM32U5A5ZJY6QTR, STM32U5A9BJY6QTR, STM32U5A9J-DK, STM32U5A9NJH6Q, STM32U5A9VJT6Q, STM32U5A9ZJT6Q, STM32U5A9ZJY6QTR, STM32WB1MMCH6, STM32WBA52CEU6, STM32WBA52CEU6T, STM32WBA52CGU6, STM32WBA52CGU6T, STM32WL5MOCH6, STM32WL5MOCH6TR]
2023-04-23 16:49:00,134 [INFO] DbMcus:216 - Found 3775 MCUs, 3775 are supported
2023-04-23 16:49:00,137 [INFO] ApiDb:423 - Load user favorites file C:\Users\gpior/.stm32cubeide/favorites.mcus.txt: 0 item(s)
2023-04-23 16:49:00,137 [INFO] ApiDb:427 - User favorites MCUs=[]
2023-04-23 16:49:00,138 [INFO] DbMcus:222 - Set 0 / 0 favorites MCUs
2023-04-23 16:49:00,437 [WARN] ThirdParty:833 - waiting for thirdparty lock release [change project]
2023-04-23 16:49:00,437 [INFO] ThirdParty:835 - entering critical section [change project]
2023-04-23 16:49:00,438 [INFO] ThirdParty:1030 - CMSIS Pack Vendor :STMicroelectronics X-CUBE-ISPU 1.1.0
2023-04-23 16:49:00,438 [INFO] ThirdParty:1030 - CMSIS Pack Vendor :wolfSSL I-CUBE-wolfSSL 5.2.0
2023-04-23 16:49:00,438 [INFO] ThirdParty:1030 - CMSIS Pack Vendor :RoweBots I-CUBE-UNISONRTOS 5.5.0-4
2023-04-23 16:49:00,438 [INFO] ThirdParty:1030 - CMSIS Pack Vendor :STMicroelectronics X-CUBE-GNSS1 6.0.0
2023-04-23 16:49:00,438 [INFO] ThirdParty:1030 - CMSIS Pack Vendor :STMicroelectronics X-CUBE-AZRTOS-H7 2.1.0
2023-04-23 16:49:00,438 [INFO] ThirdParty:1030 - CMSIS Pack Vendor :STMicroelectronics USB_HOST 2.0.0
2023-04-23 16:49:00,438 [INFO] ThirdParty:1030 - CMSIS Pack Vendor :STMicroelectronics X-CUBE-AZRTOS-F4 1.1.0
2023-04-23 16:49:00,438 [INFO] ThirdParty:1030 - CMSIS Pack Vendor :STMicroelectronics LIBJPEG 8.0.0
2023-04-23 16:49:00,438 [INFO] ThirdParty:1030 - CMSIS Pack Vendor :STMicroelectronics USB_DEVICE 3.0.0
2023-04-23 16:49:00,438 [INFO] ThirdParty:1030 - CMSIS Pack Vendor :STMicroelectronics X-CUBE-AI 8.0.0
2023-04-23 16:49:00,438 [INFO] ThirdParty:1030 - CMSIS Pack Vendor :STMicroelectronics X-CUBE-TOUCHGFX 4.21.1
2023-04-23 16:49:00,438 [INFO] ThirdParty:1030 - CMSIS Pack Vendor :STMicroelectronics X-CUBE-MEMS1 9.2.0
2023-04-23 16:49:00,438 [INFO] ThirdParty:1030 - CMSIS Pack Vendor :STMicroelectronics X-CUBE-AZRTOS-F7 1.1.0
2023-04-23 16:49:00,438 [INFO] ThirdParty:1030 - CMSIS Pack Vendor :STMicroelectronics USB_DEVICE 2.0.0
2023-04-23 16:49:00,438 [INFO] ThirdParty:1030 - CMSIS Pack Vendor :STMicroelectronics X-CUBE-AI 7.1.0
2023-04-23 16:49:00,438 [INFO] ThirdParty:1030 - CMSIS Pack Vendor :STMicroelectronics X-CUBE-TOUCHGFX 4.19.1
2023-04-23 16:49:00,438 [INFO] ThirdParty:1030 - CMSIS Pack Vendor :STMicroelectronics X-CUBE-BLE1 6.2.3
2023-04-23 16:49:00,438 [INFO] ThirdParty:1030 - CMSIS Pack Vendor :STMicroelectronics X-CUBE-ALGOBUILD 1.3.0
2023-04-23 16:49:00,439 [INFO] ThirdParty:1030 - CMSIS Pack Vendor :STMicroelectronics X-CUBE-BLE1 6.2.4
2023-04-23 16:49:00,439 [INFO] ThirdParty:1030 - CMSIS Pack Vendor :STMicroelectronics X-CUBE-AZRTOS-L5 1.1.0
2023-04-23 16:49:00,439 [INFO] ThirdParty:1030 - CMSIS Pack Vendor :STMicroelectronics FreeRTOS 0.0.1
2023-04-23 16:49:00,439 [INFO] ThirdParty:1030 - CMSIS Pack Vendor :emotas I-CUBE-CANOPEN 1.1.3
2023-04-23 16:49:00,439 [INFO] ThirdParty:1030 - CMSIS Pack Vendor :STMicroelectronics X-CUBE-AZRTOS-G0 1.1.0
2023-04-23 16:49:00,439 [INFO] ThirdParty:1030 - CMSIS Pack Vendor :STMicroelectronics X-CUBE-BLEMGR 2.0.0
2023-04-23 16:49:00,439 [INFO] ThirdParty:1030 - CMSIS Pack Vendor :STMicroelectronics X-CUBE-SUBG2 5.0.0
2023-04-23 16:49:00,439 [INFO] ThirdParty:1030 - CMSIS Pack Vendor :STMicroelectronics X-CUBE-NFC4 3.0.0
2023-04-23 16:49:00,439 [INFO] ThirdParty:1030 - CMSIS Pack Vendor :SEGGER I-CUBE-embOS 1.2.0
2023-04-23 16:49:00,439 [INFO] ThirdParty:1030 - CMSIS Pack Vendor :STMicroelectronics STM32_WPAN 1.0.0
2023-04-23 16:49:00,439 [INFO] ThirdParty:1030 - CMSIS Pack Vendor :STMicroelectronics lwIP 2.0.3
2023-04-23 16:49:00,439 [INFO] ThirdParty:1030 - CMSIS Pack Vendor :STMicroelectronics X-CUBE-BLE1 6.2.2
2023-04-23 16:49:00,439 [INFO] ThirdParty:1030 - CMSIS Pack Vendor :STMicroelectronics X-CUBE-NFC4 2.0.4
2023-04-23 16:49:00,439 [INFO] ThirdParty:1030 - CMSIS Pack Vendor :STMicroelectronics X-CUBE-BLE2 3.2.2
2023-04-23 16:49:00,439 [INFO] ThirdParty:1030 - CMSIS Pack Vendor :STMicroelectronics USB_HOST 1.0.0
2023-04-23 16:49:00,439 [INFO] ThirdParty:1030 - CMSIS Pack Vendor :STMicroelectronics X-CUBE-NFC4 2.0.3
2023-04-23 16:49:00,439 [INFO] ThirdParty:1030 - CMSIS Pack Vendor :STMicroelectronics X-CUBE-DISPLAY 2.1.0
2023-04-23 16:49:00,439 [INFO] ThirdParty:1030 - CMSIS Pack Vendor :STMicroelectronics PDM2PCM 3.1.0
2023-04-23 16:49:00,439 [INFO] ThirdParty:1030 - CMSIS Pack Vendor :STMicroelectronics FP-ATR-ASTRA1 1.1.1
2023-04-23 16:49:00,439 [INFO] ThirdParty:1030 - CMSIS Pack Vendor :STMicroelectronics PDM2PCM 3.3.0
2023-04-23 16:49:00,439 [INFO] ThirdParty:1030 - CMSIS Pack Vendor :STMicroelectronics X-CUBE-SFXS2LP1 3.1.0
2023-04-23 16:49:00,439 [INFO] ThirdParty:1030 - CMSIS Pack Vendor :STMicroelectronics X-CUBE-DISPLAY 3.0.0
2023-04-23 16:49:00,439 [INFO] ThirdParty:1030 - CMSIS Pack Vendor :STMicroelectronics X-CUBE-AZRTOS-F4 1.0.0
2023-04-23 16:49:00,439 [INFO] ThirdParty:1030 - CMSIS Pack Vendor :STMicroelectronics X-CUBE-AZRTOS-H7 2.0.0
2023-04-23 16:49:00,439 [INFO] ThirdParty:1030 - CMSIS Pack Vendor :STMicroelectronics X-CUBE-AZRTOS-G4 1.0.0
2023-04-23 16:49:00,439 [INFO] ThirdParty:1030 - CMSIS Pack Vendor :STMicroelectronics FP-ATR-SIGFOX1 3.2.0
2023-04-23 16:49:00,439 [INFO] ThirdParty:1030 - CMSIS Pack Vendor :wolfSSL I-CUBE-wolfSSL 5.5.4
2023-04-23 16:49:00,440 [INFO] ThirdParty:1030 - CMSIS Pack Vendor :STMicroelectronics X-CUBE-AZRTOS-L4 1.0.0
2023-04-23 16:49:00,440 [INFO] ThirdParty:1030 - CMSIS Pack Vendor :STMicroelectronics HAL Drivers 0.0.0
2023-04-23 16:49:00,440 [INFO] ThirdParty:1030 - CMSIS Pack Vendor :STMicroelectronics MBEDTLS 2.16.2
2023-04-23 16:49:00,440 [INFO] ThirdParty:1030 - CMSIS Pack Vendor :emotas I-CUBE-CANOPEN 1.1.2
2023-04-23 16:49:00,440 [INFO] ThirdParty:1030 - CMSIS Pack Vendor :STMicroelectronics MBEDTLS 2.14.1
2023-04-23 16:49:00,440 [INFO] ThirdParty:1030 - CMSIS Pack Vendor :STMicroelectronics X-CUBE-NFC7 1.0.0
2023-04-23 16:49:00,440 [INFO] ThirdParty:1030 - CMSIS Pack Vendor :STMicroelectronics X-CUBE-AZRTOS-F7 1.0.0
2023-04-23 16:49:00,440 [INFO] ThirdParty:1030 - CMSIS Pack Vendor :STMicroelectronics X-CUBE-AZRTOS-WL 1.0.0
2023-04-23 16:49:00,440 [INFO] ThirdParty:1030 - CMSIS Pack Vendor :STMicroelectronics X-CUBE-SUBG2 4.2.0
2023-04-23 16:49:00,440 [INFO] ThirdParty:1030 - CMSIS Pack Vendor :STMicroelectronics X-CUBE-MEMS1 9.1.0
2023-04-23 16:49:00,440 [INFO] ThirdParty:1030 - CMSIS Pack Vendor :STMicroelectronics X-CUBE-EEPRMA1 4.1.0
2023-04-23 16:49:00,440 [INFO] ThirdParty:1030 - CMSIS Pack Vendor :portGmbH I-Cube-SoM-uGOAL 1.1.0
2023-04-23 16:49:00,441 [INFO] ThirdParty:1030 - CMSIS Pack Vendor :STMicroelectronics X-CUBE-ALS 1.0.1
2023-04-23 16:49:00,441 [INFO] ThirdParty:1030 - CMSIS Pack Vendor :STMicroelectronics X-CUBE-MEMS1 9.5.0
2023-04-23 16:49:00,441 [INFO] ThirdParty:1030 - CMSIS Pack Vendor :STMicroelectronics ThreadX 1.0.0
2023-04-23 16:49:00,441 [INFO] ThirdParty:1030 - CMSIS Pack Vendor :STMicroelectronics X-CUBE-AZRTOS-WB 1.1.0
2023-04-23 16:49:00,441 [INFO] ThirdParty:1030 - CMSIS Pack Vendor :SEGGER I-CUBE-embOS 1.3.1
2023-04-23 16:49:00,441 [INFO] ThirdParty:1030 - CMSIS Pack Vendor :STMicroelectronics X-CUBE-AZRTOS-L5 1.0.0
2023-04-23 16:49:00,441 [INFO] ThirdParty:1030 - CMSIS Pack Vendor :STMicroelectronics USB_DEVICE 1.0.0
2023-04-23 16:49:00,441 [INFO] ThirdParty:1030 - CMSIS Pack Vendor :STMicroelectronics X-CUBE-AZRTOS-G0 1.0.0
2023-04-23 16:49:00,441 [INFO] ThirdParty:1030 - CMSIS Pack Vendor :STMicroelectronics X-CUBE-EEPRMA1 3.1.1
2023-04-23 16:49:00,441 [INFO] ThirdParty:1030 - CMSIS Pack Vendor :STMicroelectronics X-CUBE-GNSS1 5.2.0
2023-04-23 16:49:00,441 [INFO] ThirdParty:1030 - CMSIS Pack Vendor :STMicroelectronics ThreadX 0.0.2
2023-04-23 16:49:00,441 [INFO] ThirdParty:1030 - CMSIS Pack Vendor :STMicroelectronics lwIP 2.1.2
2023-04-23 16:49:00,441 [INFO] ThirdParty:1030 - CMSIS Pack Vendor :STMicroelectronics X-CUBE-SFXS2LP1 4.0.0
2023-04-23 16:49:00,441 [INFO] ThirdParty:1030 - CMSIS Pack Vendor :STMicroelectronics X-CUBE-BLE2 3.3.0
2023-04-23 16:49:00,441 [INFO] ThirdParty:1030 - CMSIS Pack Vendor :STMicroelectronics X-CUBE-DISPLAY 2.0.1
2023-04-23 16:49:00,441 [INFO] ThirdParty:1030 - CMSIS Pack Vendor :STMicroelectronics X-CUBE-DISPLAY 2.2.0
2023-04-23 16:49:00,441 [INFO] ThirdParty:1030 - CMSIS Pack Vendor :STMicroelectronics X-CUBE-TOF1 3.2.0
2023-04-23 16:49:00,441 [INFO] ThirdParty:1030 - CMSIS Pack Vendor :STMicroelectronics PDM2PCM 3.2.0
2023-04-23 16:49:00,441 [INFO] ThirdParty:1030 - CMSIS Pack Vendor :STMicroelectronics X-CUBE-TOUCHGFX 4.18.1
2023-04-23 16:49:00,442 [INFO] ThirdParty:1030 - CMSIS Pack Vendor :STMicroelectronics X-CUBE-AZRTOS-H7 3.0.0
2023-04-23 16:49:00,442 [INFO] ThirdParty:1030 - CMSIS Pack Vendor :STMicroelectronics X-CUBE-TOF1 3.0.0
2023-04-23 16:49:00,442 [INFO] ThirdParty:841 - exiting critical section [change project]
2023-04-23 16:49:01,292 [INFO] PinOutPanel:1499 - setPackage(No Configuration,No Configuration)
2023-04-23 16:49:01,295 [INFO] PinOutPanel:1499 - setPackage(STM32L476VGTx,LQFP100)
2023-04-23 16:49:02,571 [INFO] UtilMem:75 - Before build in PCC Used Memory: 400886656 Bytes (517996544)
2023-04-23 16:49:03,931 [INFO] UtilMem:75 - After build in PCC Used Memory: 430466320 Bytes (517996544)
2023-04-23 16:49:04,007 [INFO] IPUIPlugin:80 - create IPUIPlugin
2023-04-23 16:49:04,008 [INFO] IPUIPlugin:80 - create IPUIPlugin
2023-04-23 16:49:04,008 [INFO] IPUIPlugin:80 - create IPUIPlugin
2023-04-23 16:49:04,008 [INFO] IPUIPlugin:80 - create IPUIPlugin
2023-04-23 16:49:04,008 [INFO] IPUIPlugin:80 - create IPUIPlugin
2023-04-23 16:49:04,008 [INFO] IPUIPlugin:80 - create IPUIPlugin
2023-04-23 16:49:04,009 [INFO] IPUIPlugin:80 - create IPUIPlugin
2023-04-23 16:49:04,009 [INFO] IPUIPlugin:80 - create IPUIPlugin
2023-04-23 16:49:04,009 [INFO] IPUIPlugin:80 - create IPUIPlugin
2023-04-23 16:49:04,009 [INFO] IPUIPlugin:80 - create IPUIPlugin
2023-04-23 16:49:04,010 [INFO] IPUIPlugin:80 - create IPUIPlugin
2023-04-23 16:49:04,010 [INFO] IPUIPlugin:80 - create IPUIPlugin
2023-04-23 16:49:04,010 [INFO] IPUIPlugin:80 - create IPUIPlugin
2023-04-23 16:49:04,010 [INFO] IPUIPlugin:80 - create IPUIPlugin
2023-04-23 16:49:04,010 [INFO] IPUIPlugin:80 - create IPUIPlugin
2023-04-23 16:49:04,010 [INFO] IPUIPlugin:80 - create IPUIPlugin
2023-04-23 16:49:04,011 [INFO] IPUIPlugin:80 - create IPUIPlugin
2023-04-23 16:49:04,011 [INFO] IPUIPlugin:80 - create IPUIPlugin
2023-04-23 16:49:04,011 [INFO] IPUIPlugin:80 - create IPUIPlugin
2023-04-23 16:49:04,012 [INFO] IPUIPlugin:80 - create IPUIPlugin
2023-04-23 16:49:04,012 [INFO] IPUIPlugin:80 - create IPUIPlugin
2023-04-23 16:49:04,012 [INFO] IPUIPlugin:80 - create IPUIPlugin
2023-04-23 16:49:04,013 [INFO] IPUIPlugin:80 - create IPUIPlugin
2023-04-23 16:49:04,013 [INFO] IPUIPlugin:80 - create IPUIPlugin
2023-04-23 16:49:04,014 [INFO] IPUIPlugin:80 - create IPUIPlugin
2023-04-23 16:49:04,014 [INFO] IPUIPlugin:80 - create IPUIPlugin
2023-04-23 16:49:04,014 [INFO] IPUIPlugin:80 - create IPUIPlugin
2023-04-23 16:49:04,015 [INFO] IPUIPlugin:80 - create IPUIPlugin
2023-04-23 16:49:04,015 [INFO] IPUIPlugin:80 - create IPUIPlugin
2023-04-23 16:49:04,015 [INFO] IPUIPlugin:80 - create IPUIPlugin
2023-04-23 16:49:04,016 [INFO] IPUIPlugin:80 - create IPUIPlugin
2023-04-23 16:49:04,017 [INFO] IPUIPlugin:80 - create IPUIPlugin
2023-04-23 16:49:04,017 [INFO] IPUIPlugin:80 - create IPUIPlugin
2023-04-23 16:49:04,018 [INFO] IPUIPlugin:80 - create IPUIPlugin
2023-04-23 16:49:04,018 [INFO] IPUIPlugin:80 - create IPUIPlugin
2023-04-23 16:49:04,018 [INFO] IPUIPlugin:80 - create IPUIPlugin
2023-04-23 16:49:04,018 [INFO] IPUIPlugin:80 - create IPUIPlugin
2023-04-23 16:49:04,019 [INFO] IPUIPlugin:80 - create IPUIPlugin
2023-04-23 16:49:04,019 [INFO] IPUIPlugin:80 - create IPUIPlugin
2023-04-23 16:49:04,020 [INFO] IPUIPlugin:80 - create IPUIPlugin
2023-04-23 16:49:04,020 [INFO] IPUIPlugin:80 - create IPUIPlugin
2023-04-23 16:49:04,021 [INFO] IPUIPlugin:80 - create IPUIPlugin
2023-04-23 16:49:04,021 [INFO] IPUIPlugin:80 - create IPUIPlugin
2023-04-23 16:49:04,022 [INFO] IPUIPlugin:80 - create IPUIPlugin
2023-04-23 16:49:04,022 [INFO] IPUIPlugin:80 - create IPUIPlugin
2023-04-23 16:49:04,023 [INFO] IPUIPlugin:80 - create IPUIPlugin
2023-04-23 16:49:04,023 [INFO] IPUIPlugin:80 - create IPUIPlugin
2023-04-23 16:49:04,024 [INFO] IPUIPlugin:80 - create IPUIPlugin
2023-04-23 16:49:04,025 [INFO] IPUIPlugin:80 - create IPUIPlugin
2023-04-23 16:49:04,025 [INFO] IPUIPlugin:80 - create IPUIPlugin
2023-04-23 16:49:04,026 [INFO] IPUIPlugin:80 - create IPUIPlugin
2023-04-23 16:49:04,026 [INFO] IPUIPlugin:80 - create IPUIPlugin
2023-04-23 16:49:04,027 [INFO] IPUIPlugin:80 - create IPUIPlugin
2023-04-23 16:49:04,028 [INFO] IPUIPlugin:80 - create IPUIPlugin
2023-04-23 16:49:04,028 [INFO] IPUIPlugin:80 - create IPUIPlugin
2023-04-23 16:49:04,029 [INFO] IPUIPlugin:80 - create IPUIPlugin
2023-04-23 16:49:04,031 [INFO] IPUIPlugin:80 - create IPUIPlugin
2023-04-23 16:49:04,033 [INFO] IPUIPlugin:80 - create IPUIPlugin
2023-04-23 16:49:04,035 [INFO] IPUIPlugin:80 - create IPUIPlugin
2023-04-23 16:49:04,035 [INFO] IPUIPlugin:80 - create IPUIPlugin
2023-04-23 16:49:04,468 [INFO] CADModel:165 - CPN selected for project levelSTM32L476VGT3
2023-04-23 16:49:04,468 [INFO] CADModel:114 - Register for checkConnection events
2023-04-23 16:49:04,535 [INFO] OpenFileManager:328 - Restore cursor
2023-04-23 19:25:54,947 [INFO] MainUpdater:2854 - connection check result : 10
2023-04-23 19:25:54,948 [INFO] MainUpdater:2854 - connection check result : 10
2023-04-23 19:25:55,032 [INFO] I2cTimingTraitement:330 - 0x10909CEC
2023-04-23 19:25:55,048 [INFO] I2cTimingTraitement:330 - 0x10909CEC
2023-04-23 19:25:55,066 [INFO] I2cTimingTraitement:330 - 0x10909CEC
2023-04-23 19:25:55,076 [INFO] MicroXplorer:468 - Change Database Path : 
2023-04-23 19:25:55,076 [INFO] MicroXplorer:498 - Change Database Version : DB.6.0.80
2023-04-23 19:25:55,142 [WARN] ThirdParty:871 - waiting for thirdparty lock release [close project]
2023-04-23 19:25:55,142 [INFO] ThirdParty:873 - entering critical section [close project]
2023-04-23 19:25:55,142 [INFO] ThirdParty:883 - exiting critical section [close project]
2023-04-23 19:25:55,146 [INFO] PinOutPanel:1499 - setPackage(No Configuration,No Configuration)
2023-04-23 19:25:55,167 [INFO] UtilMem:75 - Begin LoadConfig() Used Memory: 374742192 Bytes (517996544)
2023-04-23 19:25:55,168 [INFO] MicroXplorer:468 - Change Database Path : 
2023-04-23 19:25:55,168 [INFO] MicroXplorer:498 - Change Database Version : DB.6.0.80
2023-04-23 19:25:55,168 [INFO] OpenFileManager:308 - Change cursor
2023-04-23 19:25:55,200 [INFO] Mcu:1937 - Initializing MCU STM32L476V(C-E-G)Tx STM32L476VGTx STM32L476VGT3
2023-04-23 19:25:57,499 [INFO] Context:659 - Trying to add GPIOservice into a context  which must be forbidden
2023-04-23 19:25:58,111 [INFO] RtosManager:555 - Registered RTOS mode: class=CMSIS, group=RTOS, mode=CMSIS_V1, owner=FREERTOS
2023-04-23 19:25:58,112 [INFO] RtosManager:555 - Registered RTOS mode: class=CMSIS, group=RTOS2, mode=CMSIS_V2, owner=FREERTOS
2023-04-23 19:25:58,112 [INFO] RtosManager:555 - Registered RTOS mode: class=RTOS, group=Core, mode=CMSIS_V1, owner=FREERTOS
2023-04-23 19:25:58,112 [INFO] RtosManager:555 - Registered RTOS mode: class=RTOS, group=Core, mode=CMSIS_V2, owner=FREERTOS
2023-04-23 19:25:58,112 [WARN] ModelIntegratedComponent:184 - Missing modes for component STMicroelectronics:FreeRTOS:0.0.1:STMicroelectronics:RTOS:FreeRTOS:Core:::10.2.0:
2023-04-23 19:25:58,128 [WARN] ModelIntegratedComponent:63 - No mode defined for component null
2023-04-23 19:25:58,129 [WARN] ModelIntegratedComponent:63 - No mode defined for component null
2023-04-23 19:25:58,129 [WARN] ModelIntegratedComponent:63 - No mode defined for component null
2023-04-23 19:25:58,129 [WARN] ModelIntegratedComponent:63 - No mode defined for component null
2023-04-23 19:25:58,129 [WARN] ModelIntegratedComponent:63 - No mode defined for component null
2023-04-23 19:25:58,129 [WARN] ModelIntegratedComponent:63 - No mode defined for component null
2023-04-23 19:25:58,129 [WARN] ModelIntegratedComponent:63 - No mode defined for component null
2023-04-23 19:25:58,129 [WARN] ModelIntegratedComponent:63 - No mode defined for component null
2023-04-23 19:25:58,129 [WARN] ModelIntegratedComponent:63 - No mode defined for component null
2023-04-23 19:25:58,129 [WARN] ModelIntegratedComponent:63 - No mode defined for component null
2023-04-23 19:25:58,129 [WARN] ModelIntegratedComponent:63 - No mode defined for component null
2023-04-23 19:25:58,129 [WARN] ModelIntegratedComponent:63 - No mode defined for component null
2023-04-23 19:25:58,129 [WARN] ModelIntegratedComponent:63 - No mode defined for component null
2023-04-23 19:25:58,129 [WARN] ModelIntegratedComponent:63 - No mode defined for component null
2023-04-23 19:25:58,129 [WARN] ModelIntegratedComponent:63 - No mode defined for component null
2023-04-23 19:25:58,129 [WARN] ModelIntegratedComponent:63 - No mode defined for component null
2023-04-23 19:25:58,129 [WARN] ModelIntegratedComponent:63 - No mode defined for component null
2023-04-23 19:25:58,129 [WARN] ModelIntegratedComponent:63 - No mode defined for component null
2023-04-23 19:25:58,129 [WARN] ModelIntegratedComponent:63 - No mode defined for component null
2023-04-23 19:25:58,130 [WARN] ModelIntegratedComponent:63 - No mode defined for component null
2023-04-23 19:25:58,130 [WARN] ModelIntegratedComponent:63 - No mode defined for component null
2023-04-23 19:25:58,130 [WARN] ModelIntegratedComponent:63 - No mode defined for component null
2023-04-23 19:25:58,130 [WARN] ModelIntegratedComponent:63 - No mode defined for component null
2023-04-23 19:25:58,130 [WARN] ModelIntegratedComponent:63 - No mode defined for component null
2023-04-23 19:25:58,131 [WARN] ModelIntegratedComponent:63 - No mode defined for component null
2023-04-23 19:25:58,131 [WARN] ModelIntegratedComponent:63 - No mode defined for component null
2023-04-23 19:25:58,131 [WARN] ModelIntegratedComponent:63 - No mode defined for component null
2023-04-23 19:25:58,131 [WARN] ModelIntegratedComponent:63 - No mode defined for component null
2023-04-23 19:25:58,131 [WARN] ModelIntegratedComponent:63 - No mode defined for component null
2023-04-23 19:25:58,131 [WARN] ModelIntegratedComponent:63 - No mode defined for component null
2023-04-23 19:25:58,131 [WARN] ModelIntegratedComponent:63 - No mode defined for component null
2023-04-23 19:25:58,131 [WARN] ModelIntegratedComponent:63 - No mode defined for component null
2023-04-23 19:25:58,131 [WARN] ModelIntegratedComponent:63 - No mode defined for component null
2023-04-23 19:25:58,268 [INFO] ThirdPartyModel:298 - Start build external matchings
2023-04-23 19:25:58,922 [INFO] ThirdPartyModel:316 - End build external matchings
2023-04-23 19:25:58,956 [INFO] ImportTextPane:194 - (OptionalMessage_ERROR) IP (RCC) : Parameter (ADCFreq_Value) has invalid value (136000000)
2023-04-23 19:25:58,956 [INFO] ImportTextPane:194 - (OptionalMessage_ERROR) IP (RCC) : Invalid parameter (FamilyName)
2023-04-23 19:25:58,957 [INFO] ImportTextPane:194 - (OptionalMessage_ERROR) IP (RCC) : Parameter (RNGFreq_Value) has invalid value (68000000)
2023-04-23 19:25:58,957 [INFO] ImportTextPane:194 - (OptionalMessage_ERROR) IP (RCC) : Parameter (SDMMCFreq_Value) has invalid value (68000000)
2023-04-23 19:25:58,957 [INFO] ImportTextPane:194 - (OptionalMessage_ERROR) IP (RCC) : Parameter (USBFreq_Value) has invalid value (68000000)
2023-04-23 19:25:59,552 [INFO] UtilMem:75 - End LoadConfig() Used Memory: 294021320 Bytes (517996544)
2023-04-23 19:25:59,596 [WARN] ThirdParty:833 - waiting for thirdparty lock release [change project]
2023-04-23 19:25:59,598 [INFO] ThirdParty:835 - entering critical section [change project]
2023-04-23 19:25:59,598 [INFO] ThirdParty:1030 - CMSIS Pack Vendor :STMicroelectronics X-CUBE-ISPU 1.1.0
2023-04-23 19:25:59,598 [INFO] ThirdParty:1030 - CMSIS Pack Vendor :wolfSSL I-CUBE-wolfSSL 5.2.0
2023-04-23 19:25:59,598 [INFO] ThirdParty:1030 - CMSIS Pack Vendor :RoweBots I-CUBE-UNISONRTOS 5.5.0-4
2023-04-23 19:25:59,598 [INFO] ThirdParty:1030 - CMSIS Pack Vendor :STMicroelectronics X-CUBE-GNSS1 6.0.0
2023-04-23 19:25:59,598 [INFO] ThirdParty:1030 - CMSIS Pack Vendor :STMicroelectronics X-CUBE-AZRTOS-H7 2.1.0
2023-04-23 19:25:59,598 [INFO] ThirdParty:1030 - CMSIS Pack Vendor :STMicroelectronics USB_HOST 2.0.0
2023-04-23 19:25:59,598 [INFO] ThirdParty:1030 - CMSIS Pack Vendor :STMicroelectronics X-CUBE-AZRTOS-F4 1.1.0
2023-04-23 19:25:59,598 [INFO] ThirdParty:1030 - CMSIS Pack Vendor :STMicroelectronics LIBJPEG 8.0.0
2023-04-23 19:25:59,599 [INFO] ThirdParty:1030 - CMSIS Pack Vendor :STMicroelectronics USB_DEVICE 3.0.0
2023-04-23 19:25:59,599 [INFO] ThirdParty:1030 - CMSIS Pack Vendor :STMicroelectronics X-CUBE-AI 8.0.0
2023-04-23 19:25:59,599 [INFO] ThirdParty:1030 - CMSIS Pack Vendor :STMicroelectronics X-CUBE-TOUCHGFX 4.21.1
2023-04-23 19:25:59,599 [INFO] ThirdParty:1030 - CMSIS Pack Vendor :STMicroelectronics X-CUBE-MEMS1 9.2.0
2023-04-23 19:25:59,599 [INFO] ThirdParty:1030 - CMSIS Pack Vendor :STMicroelectronics X-CUBE-AZRTOS-F7 1.1.0
2023-04-23 19:25:59,599 [INFO] ThirdParty:1030 - CMSIS Pack Vendor :STMicroelectronics USB_DEVICE 2.0.0
2023-04-23 19:25:59,599 [INFO] ThirdParty:1030 - CMSIS Pack Vendor :STMicroelectronics X-CUBE-AI 7.1.0
2023-04-23 19:25:59,599 [INFO] ThirdParty:1030 - CMSIS Pack Vendor :STMicroelectronics X-CUBE-TOUCHGFX 4.19.1
2023-04-23 19:25:59,599 [INFO] ThirdParty:1030 - CMSIS Pack Vendor :STMicroelectronics X-CUBE-BLE1 6.2.3
2023-04-23 19:25:59,599 [INFO] ThirdParty:1030 - CMSIS Pack Vendor :STMicroelectronics X-CUBE-ALGOBUILD 1.3.0
2023-04-23 19:25:59,599 [INFO] ThirdParty:1030 - CMSIS Pack Vendor :STMicroelectronics X-CUBE-BLE1 6.2.4
2023-04-23 19:25:59,600 [INFO] ThirdParty:1030 - CMSIS Pack Vendor :STMicroelectronics X-CUBE-AZRTOS-L5 1.1.0
2023-04-23 19:25:59,600 [INFO] ThirdParty:1030 - CMSIS Pack Vendor :STMicroelectronics FreeRTOS 0.0.1
2023-04-23 19:25:59,600 [INFO] ThirdParty:1030 - CMSIS Pack Vendor :emotas I-CUBE-CANOPEN 1.1.3
2023-04-23 19:25:59,600 [INFO] ThirdParty:1030 - CMSIS Pack Vendor :STMicroelectronics X-CUBE-AZRTOS-G0 1.1.0
2023-04-23 19:25:59,600 [INFO] ThirdParty:1030 - CMSIS Pack Vendor :STMicroelectronics X-CUBE-BLEMGR 2.0.0
2023-04-23 19:25:59,600 [INFO] ThirdParty:1030 - CMSIS Pack Vendor :STMicroelectronics X-CUBE-SUBG2 5.0.0
2023-04-23 19:25:59,600 [INFO] ThirdParty:1030 - CMSIS Pack Vendor :STMicroelectronics X-CUBE-NFC4 3.0.0
2023-04-23 19:25:59,600 [INFO] ThirdParty:1030 - CMSIS Pack Vendor :SEGGER I-CUBE-embOS 1.2.0
2023-04-23 19:25:59,600 [INFO] ThirdParty:1030 - CMSIS Pack Vendor :STMicroelectronics STM32_WPAN 1.0.0
2023-04-23 19:25:59,600 [INFO] ThirdParty:1030 - CMSIS Pack Vendor :STMicroelectronics lwIP 2.0.3
2023-04-23 19:25:59,601 [INFO] ThirdParty:1030 - CMSIS Pack Vendor :STMicroelectronics X-CUBE-BLE1 6.2.2
2023-04-23 19:25:59,601 [INFO] ThirdParty:1030 - CMSIS Pack Vendor :STMicroelectronics X-CUBE-NFC4 2.0.4
2023-04-23 19:25:59,601 [INFO] ThirdParty:1030 - CMSIS Pack Vendor :STMicroelectronics X-CUBE-BLE2 3.2.2
2023-04-23 19:25:59,601 [INFO] ThirdParty:1030 - CMSIS Pack Vendor :STMicroelectronics USB_HOST 1.0.0
2023-04-23 19:25:59,601 [INFO] ThirdParty:1030 - CMSIS Pack Vendor :STMicroelectronics X-CUBE-NFC4 2.0.3
2023-04-23 19:25:59,601 [INFO] ThirdParty:1030 - CMSIS Pack Vendor :STMicroelectronics X-CUBE-DISPLAY 2.1.0
2023-04-23 19:25:59,601 [INFO] ThirdParty:1030 - CMSIS Pack Vendor :STMicroelectronics PDM2PCM 3.1.0
2023-04-23 19:25:59,601 [INFO] ThirdParty:1030 - CMSIS Pack Vendor :STMicroelectronics FP-ATR-ASTRA1 1.1.1
2023-04-23 19:25:59,601 [INFO] ThirdParty:1030 - CMSIS Pack Vendor :STMicroelectronics PDM2PCM 3.3.0
2023-04-23 19:25:59,601 [INFO] ThirdParty:1030 - CMSIS Pack Vendor :STMicroelectronics X-CUBE-SFXS2LP1 3.1.0
2023-04-23 19:25:59,601 [INFO] ThirdParty:1030 - CMSIS Pack Vendor :STMicroelectronics X-CUBE-DISPLAY 3.0.0
2023-04-23 19:25:59,601 [INFO] ThirdParty:1030 - CMSIS Pack Vendor :STMicroelectronics X-CUBE-AZRTOS-F4 1.0.0
2023-04-23 19:25:59,602 [INFO] ThirdParty:1030 - CMSIS Pack Vendor :STMicroelectronics X-CUBE-AZRTOS-H7 2.0.0
2023-04-23 19:25:59,602 [INFO] ThirdParty:1030 - CMSIS Pack Vendor :STMicroelectronics X-CUBE-AZRTOS-G4 1.0.0
2023-04-23 19:25:59,603 [INFO] ThirdParty:1030 - CMSIS Pack Vendor :STMicroelectronics FP-ATR-SIGFOX1 3.2.0
2023-04-23 19:25:59,603 [INFO] ThirdParty:1030 - CMSIS Pack Vendor :wolfSSL I-CUBE-wolfSSL 5.5.4
2023-04-23 19:25:59,603 [INFO] ThirdParty:1030 - CMSIS Pack Vendor :STMicroelectronics X-CUBE-AZRTOS-L4 1.0.0
2023-04-23 19:25:59,603 [INFO] ThirdParty:1030 - CMSIS Pack Vendor :STMicroelectronics HAL Drivers 0.0.0
2023-04-23 19:25:59,603 [INFO] ThirdParty:1030 - CMSIS Pack Vendor :STMicroelectronics MBEDTLS 2.16.2
2023-04-23 19:25:59,603 [INFO] ThirdParty:1030 - CMSIS Pack Vendor :emotas I-CUBE-CANOPEN 1.1.2
2023-04-23 19:25:59,603 [INFO] ThirdParty:1030 - CMSIS Pack Vendor :STMicroelectronics MBEDTLS 2.14.1
2023-04-23 19:25:59,603 [INFO] ThirdParty:1030 - CMSIS Pack Vendor :STMicroelectronics X-CUBE-NFC7 1.0.0
2023-04-23 19:25:59,603 [INFO] ThirdParty:1030 - CMSIS Pack Vendor :STMicroelectronics X-CUBE-AZRTOS-F7 1.0.0
2023-04-23 19:25:59,603 [INFO] ThirdParty:1030 - CMSIS Pack Vendor :STMicroelectronics X-CUBE-AZRTOS-WL 1.0.0
2023-04-23 19:25:59,604 [INFO] ThirdParty:1030 - CMSIS Pack Vendor :STMicroelectronics X-CUBE-SUBG2 4.2.0
2023-04-23 19:25:59,605 [INFO] ThirdParty:1030 - CMSIS Pack Vendor :STMicroelectronics X-CUBE-MEMS1 9.1.0
2023-04-23 19:25:59,605 [INFO] ThirdParty:1030 - CMSIS Pack Vendor :STMicroelectronics X-CUBE-EEPRMA1 4.1.0
2023-04-23 19:25:59,605 [INFO] ThirdParty:1030 - CMSIS Pack Vendor :portGmbH I-Cube-SoM-uGOAL 1.1.0
2023-04-23 19:25:59,605 [INFO] ThirdParty:1030 - CMSIS Pack Vendor :STMicroelectronics X-CUBE-ALS 1.0.1
2023-04-23 19:25:59,605 [INFO] ThirdParty:1030 - CMSIS Pack Vendor :STMicroelectronics X-CUBE-MEMS1 9.5.0
2023-04-23 19:25:59,605 [INFO] ThirdParty:1030 - CMSIS Pack Vendor :STMicroelectronics ThreadX 1.0.0
2023-04-23 19:25:59,605 [INFO] ThirdParty:1030 - CMSIS Pack Vendor :STMicroelectronics X-CUBE-AZRTOS-WB 1.1.0
2023-04-23 19:25:59,605 [INFO] ThirdParty:1030 - CMSIS Pack Vendor :SEGGER I-CUBE-embOS 1.3.1
2023-04-23 19:25:59,605 [INFO] ThirdParty:1030 - CMSIS Pack Vendor :STMicroelectronics X-CUBE-AZRTOS-L5 1.0.0
2023-04-23 19:25:59,605 [INFO] ThirdParty:1030 - CMSIS Pack Vendor :STMicroelectronics USB_DEVICE 1.0.0
2023-04-23 19:25:59,605 [INFO] ThirdParty:1030 - CMSIS Pack Vendor :STMicroelectronics X-CUBE-AZRTOS-G0 1.0.0
2023-04-23 19:25:59,605 [INFO] ThirdParty:1030 - CMSIS Pack Vendor :STMicroelectronics X-CUBE-EEPRMA1 3.1.1
2023-04-23 19:25:59,605 [INFO] ThirdParty:1030 - CMSIS Pack Vendor :STMicroelectronics X-CUBE-GNSS1 5.2.0
2023-04-23 19:25:59,605 [INFO] ThirdParty:1030 - CMSIS Pack Vendor :STMicroelectronics ThreadX 0.0.2
2023-04-23 19:25:59,605 [INFO] ThirdParty:1030 - CMSIS Pack Vendor :STMicroelectronics lwIP 2.1.2
2023-04-23 19:25:59,605 [INFO] ThirdParty:1030 - CMSIS Pack Vendor :STMicroelectronics X-CUBE-SFXS2LP1 4.0.0
2023-04-23 19:25:59,605 [INFO] ThirdParty:1030 - CMSIS Pack Vendor :STMicroelectronics X-CUBE-BLE2 3.3.0
2023-04-23 19:25:59,606 [INFO] ThirdParty:1030 - CMSIS Pack Vendor :STMicroelectronics X-CUBE-DISPLAY 2.0.1
2023-04-23 19:25:59,606 [INFO] ThirdParty:1030 - CMSIS Pack Vendor :STMicroelectronics X-CUBE-DISPLAY 2.2.0
2023-04-23 19:25:59,606 [INFO] ThirdParty:1030 - CMSIS Pack Vendor :STMicroelectronics X-CUBE-TOF1 3.2.0
2023-04-23 19:25:59,606 [INFO] ThirdParty:1030 - CMSIS Pack Vendor :STMicroelectronics PDM2PCM 3.2.0
2023-04-23 19:25:59,606 [INFO] ThirdParty:1030 - CMSIS Pack Vendor :STMicroelectronics X-CUBE-TOUCHGFX 4.18.1
2023-04-23 19:25:59,606 [INFO] ThirdParty:1030 - CMSIS Pack Vendor :STMicroelectronics X-CUBE-AZRTOS-H7 3.0.0
2023-04-23 19:25:59,606 [INFO] ThirdParty:1030 - CMSIS Pack Vendor :STMicroelectronics X-CUBE-TOF1 3.0.0
2023-04-23 19:25:59,607 [INFO] ThirdParty:841 - exiting critical section [change project]
2023-04-23 19:26:00,030 [INFO] PinOutPanel:1499 - setPackage(No Configuration,No Configuration)
2023-04-23 19:26:00,033 [INFO] PinOutPanel:1499 - setPackage(STM32L476VGTx,LQFP100)
2023-04-23 19:26:00,836 [INFO] UtilMem:75 - Before build in PCC Used Memory: 394548752 Bytes (517996544)
2023-04-23 19:26:01,153 [INFO] UtilMem:75 - After build in PCC Used Memory: 279819384 Bytes (517996544)
2023-04-23 19:26:01,178 [INFO] IPUIPlugin:80 - create IPUIPlugin
2023-04-23 19:26:01,178 [INFO] IPUIPlugin:80 - create IPUIPlugin
2023-04-23 19:26:01,178 [INFO] IPUIPlugin:80 - create IPUIPlugin
2023-04-23 19:26:01,178 [INFO] IPUIPlugin:80 - create IPUIPlugin
2023-04-23 19:26:01,178 [INFO] IPUIPlugin:80 - create IPUIPlugin
2023-04-23 19:26:01,178 [INFO] IPUIPlugin:80 - create IPUIPlugin
2023-04-23 19:26:01,178 [INFO] IPUIPlugin:80 - create IPUIPlugin
2023-04-23 19:26:01,178 [INFO] IPUIPlugin:80 - create IPUIPlugin
2023-04-23 19:26:01,179 [INFO] IPUIPlugin:80 - create IPUIPlugin
2023-04-23 19:26:01,179 [INFO] IPUIPlugin:80 - create IPUIPlugin
2023-04-23 19:26:01,179 [INFO] IPUIPlugin:80 - create IPUIPlugin
2023-04-23 19:26:01,179 [INFO] IPUIPlugin:80 - create IPUIPlugin
2023-04-23 19:26:01,179 [INFO] IPUIPlugin:80 - create IPUIPlugin
2023-04-23 19:26:01,179 [INFO] IPUIPlugin:80 - create IPUIPlugin
2023-04-23 19:26:01,179 [INFO] IPUIPlugin:80 - create IPUIPlugin
2023-04-23 19:26:01,179 [INFO] IPUIPlugin:80 - create IPUIPlugin
2023-04-23 19:26:01,179 [INFO] IPUIPlugin:80 - create IPUIPlugin
2023-04-23 19:26:01,179 [INFO] IPUIPlugin:80 - create IPUIPlugin
2023-04-23 19:26:01,180 [INFO] IPUIPlugin:80 - create IPUIPlugin
2023-04-23 19:26:01,180 [INFO] IPUIPlugin:80 - create IPUIPlugin
2023-04-23 19:26:01,180 [INFO] IPUIPlugin:80 - create IPUIPlugin
2023-04-23 19:26:01,180 [INFO] IPUIPlugin:80 - create IPUIPlugin
2023-04-23 19:26:01,180 [INFO] IPUIPlugin:80 - create IPUIPlugin
2023-04-23 19:26:01,180 [INFO] IPUIPlugin:80 - create IPUIPlugin
2023-04-23 19:26:01,181 [INFO] IPUIPlugin:80 - create IPUIPlugin
2023-04-23 19:26:01,181 [INFO] IPUIPlugin:80 - create IPUIPlugin
2023-04-23 19:26:01,181 [INFO] IPUIPlugin:80 - create IPUIPlugin
2023-04-23 19:26:01,181 [INFO] IPUIPlugin:80 - create IPUIPlugin
2023-04-23 19:26:01,181 [INFO] IPUIPlugin:80 - create IPUIPlugin
2023-04-23 19:26:01,182 [INFO] IPUIPlugin:80 - create IPUIPlugin
2023-04-23 19:26:01,182 [INFO] IPUIPlugin:80 - create IPUIPlugin
2023-04-23 19:26:01,182 [INFO] IPUIPlugin:80 - create IPUIPlugin
2023-04-23 19:26:01,182 [INFO] IPUIPlugin:80 - create IPUIPlugin
2023-04-23 19:26:01,182 [INFO] IPUIPlugin:80 - create IPUIPlugin
2023-04-23 19:26:01,183 [INFO] IPUIPlugin:80 - create IPUIPlugin
2023-04-23 19:26:01,183 [INFO] IPUIPlugin:80 - create IPUIPlugin
2023-04-23 19:26:01,183 [INFO] IPUIPlugin:80 - create IPUIPlugin
2023-04-23 19:26:01,183 [INFO] IPUIPlugin:80 - create IPUIPlugin
2023-04-23 19:26:01,183 [INFO] IPUIPlugin:80 - create IPUIPlugin
2023-04-23 19:26:01,184 [INFO] IPUIPlugin:80 - create IPUIPlugin
2023-04-23 19:26:01,184 [INFO] IPUIPlugin:80 - create IPUIPlugin
2023-04-23 19:26:01,184 [INFO] IPUIPlugin:80 - create IPUIPlugin
2023-04-23 19:26:01,184 [INFO] IPUIPlugin:80 - create IPUIPlugin
2023-04-23 19:26:01,185 [INFO] IPUIPlugin:80 - create IPUIPlugin
2023-04-23 19:26:01,185 [INFO] IPUIPlugin:80 - create IPUIPlugin
2023-04-23 19:26:01,186 [INFO] IPUIPlugin:80 - create IPUIPlugin
2023-04-23 19:26:01,186 [INFO] IPUIPlugin:80 - create IPUIPlugin
2023-04-23 19:26:01,186 [INFO] IPUIPlugin:80 - create IPUIPlugin
2023-04-23 19:26:01,186 [INFO] IPUIPlugin:80 - create IPUIPlugin
2023-04-23 19:26:01,186 [INFO] IPUIPlugin:80 - create IPUIPlugin
2023-04-23 19:26:01,187 [INFO] IPUIPlugin:80 - create IPUIPlugin
2023-04-23 19:26:01,187 [INFO] IPUIPlugin:80 - create IPUIPlugin
2023-04-23 19:26:01,187 [INFO] IPUIPlugin:80 - create IPUIPlugin
2023-04-23 19:26:01,187 [INFO] IPUIPlugin:80 - create IPUIPlugin
2023-04-23 19:26:01,188 [INFO] IPUIPlugin:80 - create IPUIPlugin
2023-04-23 19:26:01,188 [INFO] IPUIPlugin:80 - create IPUIPlugin
2023-04-23 19:26:01,188 [INFO] IPUIPlugin:80 - create IPUIPlugin
2023-04-23 19:26:01,188 [INFO] IPUIPlugin:80 - create IPUIPlugin
2023-04-23 19:26:01,189 [INFO] IPUIPlugin:80 - create IPUIPlugin
2023-04-23 19:26:01,190 [INFO] IPUIPlugin:80 - create IPUIPlugin
2023-04-23 19:26:01,252 [INFO] CADModel:165 - CPN selected for project levelSTM32L476VGT3
2023-04-23 19:26:01,252 [INFO] CADModel:114 - Register for checkConnection events
2023-04-23 19:26:01,306 [INFO] OpenFileManager:328 - Restore cursor
2023-04-23 19:26:19,123 [INFO] IPUIPlugin:80 - create IPUIPlugin
2023-04-23 19:26:19,124 [INFO] IPUIPlugin:80 - create IPUIPlugin
2023-04-23 19:26:19,124 [INFO] IPUIPlugin:80 - create IPUIPlugin
2023-04-23 19:26:19,124 [INFO] IPUIPlugin:80 - create IPUIPlugin
2023-04-23 19:26:19,125 [INFO] IPUIPlugin:80 - create IPUIPlugin
2023-04-23 19:26:19,125 [INFO] IPUIPlugin:80 - create IPUIPlugin
2023-04-23 19:26:19,125 [INFO] IPUIPlugin:80 - create IPUIPlugin
2023-04-23 19:26:19,246 [INFO] IPUIPlugin:80 - create IPUIPlugin
